2022-01-31 18:29:16,447 Performing analysis for 2wcd.pdb
2022-01-31 18:29:44,401 Performing analysis for 2wcd.pdb
2022-01-31 18:30:08,342 Performing analysis for 2wcd.pdb
2022-01-31 18:30:13,630 Performing analysis for 2wcd.pdb
2022-01-31 18:30:17,493 Performing analysis for 2wcd.pdb
2022-01-31 18:30:24,128 Performing analysis for 2wcd.pdb
2022-01-31 18:30:24,188 Performing analysis for 6sp7.pdb
2022-01-31 18:34:14,006 Performing broken Helix analysis for 2wcd.pdb
2022-01-31 18:34:14,060 Extracting alpha helices !
2022-01-31 18:34:14,186 Getting The main chain residues !
2022-01-31 18:34:14,198 Checking for H bond criteria !
2022-01-31 18:34:14,230 Ssaving Json File
2022-01-31 18:34:14,293 Success
2022-01-31 18:34:14,293 Performing broken Helix analysis for 6sp7.pdb
2022-01-31 18:34:14,299 Extracting alpha helices !
2022-01-31 18:34:14,308 Getting The main chain residues !
2022-01-31 18:34:14,308 Checking for H bond criteria !
2022-01-31 18:34:14,309 Ssaving Json File
2022-01-31 18:34:14,312 Success
2022-01-31 19:50:03,741 Performing broken Helix analysis for 2wcd.pdb
2022-01-31 19:50:03,755 Performing dihedral angles analysis for 2wcd.pdb
2022-01-31 19:50:03,755 Something Bad hapenned
2022-01-31 19:50:03,755 Performing broken Helix analysis for 6sp7.pdb
2022-01-31 19:50:03,758 Performing dihedral angles analysis for 6sp7.pdb
2022-01-31 19:50:03,758 Something Bad hapenned
2022-01-31 19:51:00,385 Performing broken Helix analysis for 2wcd.pdb
2022-01-31 19:51:00,401 Performing dihedral angles analysis for 2wcd.pdb
2022-01-31 19:52:13,159 Performing broken Helix analysis for 2wcd.pdb
2022-01-31 19:52:13,215 Extracting alpha helices !
2022-01-31 19:52:13,342 Getting The main chain residues !
2022-01-31 19:52:13,353 Checking for H bond criteria !
2022-01-31 19:52:13,390 Ssaving Json File
2022-01-31 19:52:13,450 Success
2022-01-31 19:52:13,451 Performing dihedral angles analysis for 2wcd.pdb
2022-01-31 19:52:13,455 Success
2022-01-31 19:52:13,459 Success
2022-01-31 19:52:13,464 Success
2022-01-31 19:52:13,464 Success
2022-01-31 19:52:13,465 Success
2022-01-31 19:52:13,469 Success
2022-01-31 19:52:13,470 Success
2022-01-31 19:52:13,472 Success
2022-01-31 19:52:13,476 Success
2022-01-31 19:52:13,481 Success
2022-01-31 19:52:13,481 Success
2022-01-31 19:52:13,482 Success
2022-01-31 19:52:13,486 Success
2022-01-31 19:52:13,487 Success
2022-01-31 19:52:13,489 Success
2022-01-31 19:52:13,493 Success
2022-01-31 19:52:13,498 Success
2022-01-31 19:52:13,498 Success
2022-01-31 19:52:13,499 Success
2022-01-31 19:52:13,503 Success
2022-01-31 19:52:13,504 Success
2022-01-31 19:52:13,506 Success
2022-01-31 19:52:13,510 Success
2022-01-31 19:52:13,515 Success
2022-01-31 19:52:13,515 Success
2022-01-31 19:52:13,516 Success
2022-01-31 19:52:13,520 Success
2022-01-31 19:52:13,521 Success
2022-01-31 19:52:13,523 Success
2022-01-31 19:52:13,527 Success
2022-01-31 19:52:13,532 Success
2022-01-31 19:52:13,532 Success
2022-01-31 19:52:13,533 Success
2022-01-31 19:52:13,537 Success
2022-01-31 19:52:13,539 Success
2022-01-31 19:52:13,540 Success
2022-01-31 19:52:13,544 Success
2022-01-31 19:52:13,549 Success
2022-01-31 19:52:13,549 Success
2022-01-31 19:52:13,550 Success
2022-01-31 19:52:13,553 Success
2022-01-31 19:52:13,555 Success
2022-01-31 19:52:13,556 Success
2022-01-31 19:52:13,561 Success
2022-01-31 19:52:13,565 Success
2022-01-31 19:52:13,565 Success
2022-01-31 19:52:13,567 Success
2022-01-31 19:52:13,572 Success
2022-01-31 19:52:13,576 Success
2022-01-31 19:52:13,578 Success
2022-01-31 19:52:13,581 Success
2022-01-31 19:52:13,586 Success
2022-01-31 19:52:13,586 Success
2022-01-31 19:52:13,588 Success
2022-01-31 19:52:13,591 Success
2022-01-31 19:52:13,592 Success
2022-01-31 19:52:13,594 Success
2022-01-31 19:52:13,598 Success
2022-01-31 19:52:13,602 Success
2022-01-31 19:52:13,603 Success
2022-01-31 19:52:13,604 Success
2022-01-31 19:52:13,607 Success
2022-01-31 19:52:13,609 Success
2022-01-31 19:52:13,610 Success
2022-01-31 19:52:13,614 Success
2022-01-31 19:52:13,619 Success
2022-01-31 19:52:13,620 Success
2022-01-31 19:52:13,621 Success
2022-01-31 19:52:13,625 Success
2022-01-31 19:52:13,626 Success
2022-01-31 19:52:13,628 Success
2022-01-31 19:52:13,632 Success
2022-01-31 19:52:13,636 Success
2022-01-31 19:52:13,637 Success
2022-01-31 19:52:13,640 Success
2022-01-31 19:52:13,646 Success
2022-01-31 19:52:13,648 Success
2022-01-31 19:52:13,649 Success
2022-01-31 19:52:13,653 Success
2022-01-31 19:52:13,658 Success
2022-01-31 19:52:13,658 Success
2022-01-31 19:52:13,659 Success
2022-01-31 19:52:13,663 Success
2022-01-31 19:52:13,664 Success
2022-01-31 19:52:13,666 Success
2022-01-31 19:52:13,670 Success
2022-01-31 19:52:13,674 Success
2022-01-31 19:52:13,674 Success
2022-01-31 19:52:13,675 Success
2022-01-31 19:52:13,679 Success
2022-01-31 19:52:13,681 Success
2022-01-31 19:52:13,683 Success
2022-01-31 19:52:13,687 Success
2022-01-31 19:52:13,691 Success
2022-01-31 19:52:13,692 Success
2022-01-31 19:52:13,693 Success
2022-01-31 19:52:13,696 Success
2022-01-31 19:52:13,698 Success
2022-01-31 19:52:13,699 Success
2022-01-31 19:52:13,703 Success
2022-01-31 19:52:13,708 Success
2022-01-31 19:52:13,709 Success
2022-01-31 19:52:13,710 Success
2022-01-31 19:52:13,713 Success
2022-01-31 19:52:13,715 Success
2022-01-31 19:52:13,716 Success
2022-01-31 19:52:13,720 Success
2022-01-31 19:52:13,725 Success
2022-01-31 19:52:13,725 Success
2022-01-31 19:52:13,726 Success
2022-01-31 19:52:13,730 Success
2022-01-31 19:52:13,732 Success
2022-01-31 19:52:13,734 Success
2022-01-31 19:52:13,738 Success
2022-01-31 19:52:13,743 Success
2022-01-31 19:52:13,743 Success
2022-01-31 19:52:13,745 Success
2022-01-31 19:52:13,749 Success
2022-01-31 19:52:13,750 Success
2022-01-31 19:52:13,752 Success
2022-01-31 19:52:13,756 Success
2022-01-31 19:52:13,760 Success
2022-01-31 19:52:13,761 Success
2022-01-31 19:52:13,762 Success
2022-01-31 19:52:13,766 Success
2022-01-31 19:52:13,767 Success
2022-01-31 19:52:13,769 Success
2022-01-31 19:52:13,773 Success
2022-01-31 19:52:13,777 Success
2022-01-31 19:52:13,778 Success
2022-01-31 19:52:13,779 Success
2022-01-31 19:52:13,782 Success
2022-01-31 19:52:13,784 Success
2022-01-31 19:52:13,785 Success
2022-01-31 19:52:13,789 Success
2022-01-31 19:52:13,794 Success
2022-01-31 19:52:13,794 Success
2022-01-31 19:52:13,795 Success
2022-01-31 19:52:13,798 Success
2022-01-31 19:52:13,800 Success
2022-01-31 19:52:13,801 Success
2022-01-31 19:52:13,805 Success
2022-01-31 19:52:13,810 Success
2022-01-31 19:52:13,810 Success
2022-01-31 19:52:13,811 Success
2022-01-31 19:52:13,814 Success
2022-01-31 19:52:13,816 Success
2022-01-31 19:52:13,817 Success
2022-01-31 19:52:13,821 Success
2022-01-31 19:52:13,825 Success
2022-01-31 19:52:13,826 Success
2022-01-31 19:52:13,827 Success
2022-01-31 19:52:13,831 Success
2022-01-31 19:52:13,832 Success
2022-01-31 19:52:13,834 Success
2022-01-31 19:52:13,837 Success
2022-01-31 19:52:13,842 Success
2022-01-31 19:52:13,842 Success
2022-01-31 19:52:13,843 Success
2022-01-31 19:52:13,847 Success
2022-01-31 19:52:13,848 Success
2022-01-31 19:52:13,850 Success
2022-01-31 19:52:13,853 Success
2022-01-31 19:52:13,858 Success
2022-01-31 19:52:13,858 Success
2022-01-31 19:52:13,859 Success
2022-01-31 19:52:13,863 Success
2022-01-31 19:52:13,864 Success
2022-01-31 19:52:13,864 Something Bad hapenned
2022-01-31 19:52:13,864 Performing broken Helix analysis for 6sp7.pdb
2022-01-31 19:52:13,870 Extracting alpha helices !
2022-01-31 19:52:13,879 Getting The main chain residues !
2022-01-31 19:52:13,879 Checking for H bond criteria !
2022-01-31 19:52:13,880 Ssaving Json File
2022-01-31 19:52:13,884 Success
2022-01-31 19:52:13,884 Performing dihedral angles analysis for 6sp7.pdb
2022-01-31 19:52:13,884 Success
2022-01-31 19:52:13,885 Success
2022-01-31 19:52:13,886 Success
2022-01-31 19:52:13,886 Success
2022-01-31 19:52:13,887 Success
2022-01-31 19:52:13,887 Success
2022-01-31 19:52:13,887 Success
2022-01-31 19:52:13,888 Success
2022-01-31 19:52:13,889 Success
2022-01-31 19:52:13,889 Success
2022-01-31 19:52:13,890 Success
2022-01-31 19:52:13,890 Success
2022-01-31 19:52:13,891 Success
2022-01-31 19:52:13,892 Success
2022-01-31 19:52:13,892 Success
2022-01-31 19:52:13,893 Success
2022-01-31 19:52:13,893 Success
2022-01-31 19:52:13,893 Something Bad hapenned
2022-01-31 19:57:38,092 Performing broken Helix analysis for 2wcd.pdb
2022-01-31 19:57:38,156 Extracting alpha helices !
2022-01-31 19:57:38,284 Getting The main chain residues !
2022-01-31 19:57:38,292 Checking for H bond criteria !
2022-01-31 19:57:38,331 Ssaving Json File
2022-01-31 19:57:38,395 Success
2022-01-31 19:57:38,396 Performing dihedral angles analysis for 2wcd.pdb
2022-01-31 19:57:38,400 Success
2022-01-31 19:57:38,404 Success
2022-01-31 19:57:38,408 Success
2022-01-31 19:57:38,409 Success
2022-01-31 19:57:38,410 Success
2022-01-31 19:57:38,413 Success
2022-01-31 19:57:38,415 Success
2022-01-31 19:57:38,417 Success
2022-01-31 19:57:38,421 Success
2022-01-31 19:57:38,425 Success
2022-01-31 19:57:38,426 Success
2022-01-31 19:57:38,427 Success
2022-01-31 19:57:38,430 Success
2022-01-31 19:57:38,432 Success
2022-01-31 19:57:38,434 Success
2022-01-31 19:57:38,438 Success
2022-01-31 19:57:38,443 Success
2022-01-31 19:57:38,443 Success
2022-01-31 19:57:38,444 Success
2022-01-31 19:57:38,448 Success
2022-01-31 19:57:38,450 Success
2022-01-31 19:57:38,451 Success
2022-01-31 19:57:38,455 Success
2022-01-31 19:57:38,459 Success
2022-01-31 19:57:38,460 Success
2022-01-31 19:57:38,461 Success
2022-01-31 19:57:38,464 Success
2022-01-31 19:57:38,466 Success
2022-01-31 19:57:38,467 Success
2022-01-31 19:57:38,471 Success
2022-01-31 19:57:38,476 Success
2022-01-31 19:57:38,476 Success
2022-01-31 19:57:38,478 Success
2022-01-31 19:57:38,481 Success
2022-01-31 19:57:38,483 Success
2022-01-31 19:57:38,484 Success
2022-01-31 19:57:38,488 Success
2022-01-31 19:57:38,493 Success
2022-01-31 19:57:38,493 Success
2022-01-31 19:57:38,494 Success
2022-01-31 19:57:38,498 Success
2022-01-31 19:57:38,499 Success
2022-01-31 19:57:38,501 Success
2022-01-31 19:57:38,505 Success
2022-01-31 19:57:38,509 Success
2022-01-31 19:57:38,509 Success
2022-01-31 19:57:38,511 Success
2022-01-31 19:57:38,514 Success
2022-01-31 19:57:38,515 Success
2022-01-31 19:57:38,517 Success
2022-01-31 19:57:38,521 Success
2022-01-31 19:57:38,526 Success
2022-01-31 19:57:38,528 Success
2022-01-31 19:57:38,529 Success
2022-01-31 19:57:38,534 Success
2022-01-31 19:57:38,536 Success
2022-01-31 19:57:38,537 Success
2022-01-31 19:57:38,540 Success
2022-01-31 19:57:38,544 Success
2022-01-31 19:57:38,545 Success
2022-01-31 19:57:38,546 Success
2022-01-31 19:57:38,549 Success
2022-01-31 19:57:38,552 Success
2022-01-31 19:57:38,554 Success
2022-01-31 19:57:38,561 Success
2022-01-31 19:57:38,566 Success
2022-01-31 19:57:38,566 Success
2022-01-31 19:57:38,567 Success
2022-01-31 19:57:38,571 Success
2022-01-31 19:57:38,572 Success
2022-01-31 19:57:38,574 Success
2022-01-31 19:57:38,578 Success
2022-01-31 19:57:38,582 Success
2022-01-31 19:57:38,583 Success
2022-01-31 19:57:38,584 Success
2022-01-31 19:57:38,588 Success
2022-01-31 19:57:38,589 Success
2022-01-31 19:57:38,591 Success
2022-01-31 19:57:38,595 Success
2022-01-31 19:57:38,603 Success
2022-01-31 19:57:38,603 Success
2022-01-31 19:57:38,606 Success
2022-01-31 19:57:38,611 Success
2022-01-31 19:57:38,613 Success
2022-01-31 19:57:38,615 Success
2022-01-31 19:57:38,619 Success
2022-01-31 19:57:38,623 Success
2022-01-31 19:57:38,624 Success
2022-01-31 19:57:38,625 Success
2022-01-31 19:57:38,629 Success
2022-01-31 19:57:38,631 Success
2022-01-31 19:57:38,632 Success
2022-01-31 19:57:38,636 Success
2022-01-31 19:57:38,641 Success
2022-01-31 19:57:38,641 Success
2022-01-31 19:57:38,642 Success
2022-01-31 19:57:38,646 Success
2022-01-31 19:57:38,648 Success
2022-01-31 19:57:38,649 Success
2022-01-31 19:57:38,653 Success
2022-01-31 19:57:38,658 Success
2022-01-31 19:57:38,658 Success
2022-01-31 19:57:38,659 Success
2022-01-31 19:57:38,663 Success
2022-01-31 19:57:38,664 Success
2022-01-31 19:57:38,666 Success
2022-01-31 19:57:38,671 Success
2022-01-31 19:57:38,675 Success
2022-01-31 19:57:38,675 Success
2022-01-31 19:57:38,676 Success
2022-01-31 19:57:38,680 Success
2022-01-31 19:57:38,682 Success
2022-01-31 19:57:38,683 Success
2022-01-31 19:57:38,687 Success
2022-01-31 19:57:38,692 Success
2022-01-31 19:57:38,692 Success
2022-01-31 19:57:38,693 Success
2022-01-31 19:57:38,697 Success
2022-01-31 19:57:38,698 Success
2022-01-31 19:57:38,700 Success
2022-01-31 19:57:38,704 Success
2022-01-31 19:57:38,708 Success
2022-01-31 19:57:38,709 Success
2022-01-31 19:57:38,710 Success
2022-01-31 19:57:38,713 Success
2022-01-31 19:57:38,715 Success
2022-01-31 19:57:38,716 Success
2022-01-31 19:57:38,720 Success
2022-01-31 19:57:38,725 Success
2022-01-31 19:57:38,725 Success
2022-01-31 19:57:38,726 Success
2022-01-31 19:57:38,730 Success
2022-01-31 19:57:38,731 Success
2022-01-31 19:57:38,733 Success
2022-01-31 19:57:38,737 Success
2022-01-31 19:57:38,741 Success
2022-01-31 19:57:38,741 Success
2022-01-31 19:57:38,743 Success
2022-01-31 19:57:38,746 Success
2022-01-31 19:57:38,747 Success
2022-01-31 19:57:38,749 Success
2022-01-31 19:57:38,753 Success
2022-01-31 19:57:38,757 Success
2022-01-31 19:57:38,757 Success
2022-01-31 19:57:38,758 Success
2022-01-31 19:57:38,762 Success
2022-01-31 19:57:38,763 Success
2022-01-31 19:57:38,765 Success
2022-01-31 19:57:38,769 Success
2022-01-31 19:57:38,773 Success
2022-01-31 19:57:38,773 Success
2022-01-31 19:57:38,774 Success
2022-01-31 19:57:38,778 Success
2022-01-31 19:57:38,779 Success
2022-01-31 19:57:38,781 Success
2022-01-31 19:57:38,785 Success
2022-01-31 19:57:38,789 Success
2022-01-31 19:57:38,789 Success
2022-01-31 19:57:38,791 Success
2022-01-31 19:57:38,794 Success
2022-01-31 19:57:38,795 Success
2022-01-31 19:57:38,797 Success
2022-01-31 19:57:38,801 Success
2022-01-31 19:57:38,805 Success
2022-01-31 19:57:38,805 Success
2022-01-31 19:57:38,807 Success
2022-01-31 19:57:38,810 Success
2022-01-31 19:57:38,812 Success
2022-01-31 19:57:52,047 Performing broken Helix analysis for 6sp7.pdb
2022-01-31 19:57:52,052 Extracting alpha helices !
2022-01-31 19:57:52,061 Getting The main chain residues !
2022-01-31 19:57:52,062 Checking for H bond criteria !
2022-01-31 19:57:52,063 Ssaving Json File
2022-01-31 19:57:52,066 Success
2022-01-31 19:57:52,066 Performing dihedral angles analysis for 6sp7.pdb
2022-01-31 19:57:52,067 Success
2022-01-31 19:57:52,068 Success
2022-01-31 19:57:52,068 Success
2022-01-31 19:57:52,069 Success
2022-01-31 19:57:52,069 Success
2022-01-31 19:57:52,069 Success
2022-01-31 19:57:52,070 Success
2022-01-31 19:57:52,070 Success
2022-01-31 19:57:52,071 Success
2022-01-31 19:57:52,072 Success
2022-01-31 19:57:52,072 Success
2022-01-31 19:57:52,073 Success
2022-01-31 19:57:52,073 Success
2022-01-31 19:57:52,074 Success
2022-01-31 19:57:52,074 Success
2022-01-31 19:57:52,075 Success
2022-01-31 19:57:52,076 Success
2022-01-31 19:59:20,994 Performing broken Helix analysis for 6sp7.pdb
2022-01-31 19:59:20,997 Extracting alpha helices !
2022-01-31 19:59:21,007 Getting The main chain residues !
2022-01-31 19:59:21,007 Checking for H bond criteria !
2022-01-31 19:59:21,008 Ssaving Json File
2022-01-31 19:59:21,011 Success
2022-01-31 19:59:21,011 Performing dihedral angles analysis for 6sp7.pdb
2022-01-31 19:59:21,011 Success
2022-01-31 19:59:21,012 Success
2022-01-31 19:59:21,012 Success
2022-01-31 19:59:21,012 Success
2022-01-31 19:59:21,013 Success
2022-01-31 19:59:21,013 Success
2022-01-31 19:59:21,013 Success
2022-01-31 19:59:21,014 Success
2022-01-31 19:59:21,014 Success
2022-01-31 19:59:21,015 Success
2022-01-31 19:59:21,015 Success
2022-01-31 19:59:21,016 Success
2022-01-31 19:59:21,016 Success
2022-01-31 19:59:21,016 Success
2022-01-31 19:59:21,017 Success
2022-01-31 19:59:21,017 Success
2022-01-31 19:59:21,018 Success
2022-01-31 19:59:52,592 Performing broken Helix analysis for 6sp7.pdb
2022-01-31 19:59:52,595 Extracting alpha helices !
2022-01-31 19:59:52,604 Getting The main chain residues !
2022-01-31 19:59:52,605 Checking for H bond criteria !
2022-01-31 19:59:52,605 Ssaving Json File
2022-01-31 19:59:52,609 Success
2022-01-31 19:59:52,609 Performing dihedral angles analysis for 6sp7.pdb
2022-01-31 19:59:52,609 Success
2022-01-31 19:59:52,610 Success
2022-01-31 19:59:52,610 Success
2022-01-31 19:59:52,610 Success
2022-01-31 19:59:52,611 Success
2022-01-31 19:59:52,611 Success
2022-01-31 19:59:52,611 Success
2022-01-31 19:59:52,612 Success
2022-01-31 19:59:52,612 Success
2022-01-31 19:59:52,612 Success
2022-01-31 19:59:52,613 Success
2022-01-31 19:59:52,613 Success
2022-01-31 19:59:52,614 Success
2022-01-31 19:59:52,614 Success
2022-01-31 19:59:52,614 Success
2022-01-31 19:59:52,615 Success
2022-01-31 19:59:52,615 Success
2022-01-31 20:30:43,584 Performing broken Helix analysis for 6sp7.pdb
2022-01-31 20:30:43,589 Extracting alpha helices !
2022-01-31 20:30:43,599 Getting The main chain residues !
2022-01-31 20:30:43,599 Checking for H bond criteria !
2022-01-31 20:30:43,604 Ssaving Json File
2022-01-31 20:30:43,607 Success
2022-01-31 20:30:43,607 Performing dihedral angles analysis for 6sp7.pdb
2022-01-31 20:30:43,608 Success
2022-01-31 20:30:43,609 Success
2022-01-31 20:30:43,609 Success
2022-01-31 20:30:43,610 Success
2022-01-31 20:30:43,610 Success
2022-01-31 20:30:43,610 Success
2022-01-31 20:30:43,610 Success
2022-01-31 20:30:43,611 Success
2022-01-31 20:30:43,612 Success
2022-01-31 20:30:43,612 Success
2022-01-31 20:30:43,612 Success
2022-01-31 20:30:43,613 Success
2022-01-31 20:30:43,613 Success
2022-01-31 20:30:43,613 Success
2022-01-31 20:30:43,614 Success
2022-01-31 20:30:43,614 Success
2022-01-31 20:30:43,615 Success
