2022-03-04 12:13:51,215 | INFO | 22: Everything is normal. Relax!
2022-03-04 12:13:51,219 | WARNING | 23: Something unexpected but not important happend.
2022-03-04 12:13:51,222 | ERROR | 24: Something unexpected and important happened.
2022-03-04 12:13:51,225 | CRITICAL | 25: OMG!!! A critical error happend and the code cannot run!
2022-03-04 12:14:22,477 | INFO | 22: Everything is normal. Relax!
2022-03-04 12:14:22,478 | WARNING | 23: Something unexpected but not important happend.
2022-03-04 12:14:22,478 | ERROR | 24: Something unexpected and important happened.
2022-03-04 12:14:22,479 | CRITICAL | 25: OMG!!! A critical error happend and the code cannot run!
2022-03-04 12:14:50,974 | INFO | 21: Everything is normal. Relax!
2022-03-04 12:14:50,974 | INFO | 21: Everything is normal. Relax!
2022-03-04 12:14:50,975 | WARNING | 22: Something unexpected but not important happend.
2022-03-04 12:14:50,975 | WARNING | 22: Something unexpected but not important happend.
2022-03-04 12:14:50,975 | ERROR | 23: Something unexpected and important happened.
2022-03-04 12:14:50,975 | ERROR | 23: Something unexpected and important happened.
2022-03-04 12:14:50,977 | CRITICAL | 24: OMG!!! A critical error happend and the code cannot run!
2022-03-04 12:14:50,977 | CRITICAL | 24: OMG!!! A critical error happend and the code cannot run!
2022-03-04 12:15:03,040 | INFO | 21: Everything is normal. Relax!
2022-03-04 12:15:03,040 | WARNING | 22: Something unexpected but not important happend.
2022-03-04 12:15:03,040 | ERROR | 23: Something unexpected and important happened.
2022-03-04 12:15:03,040 | CRITICAL | 24: OMG!!! A critical error happend and the code cannot run!
2022-03-04 12:15:10,895 | INFO | 9: Performing Analysis  for 2wcd.pdb
2022-03-04 12:15:14,996 | INFO | 21: Everything is normal. Relax!
2022-03-04 12:15:14,996 | INFO | 21: Everything is normal. Relax!
2022-03-04 12:15:14,997 | WARNING | 22: Something unexpected but not important happend.
2022-03-04 12:15:14,997 | WARNING | 22: Something unexpected but not important happend.
2022-03-04 12:15:14,997 | ERROR | 23: Something unexpected and important happened.
2022-03-04 12:15:14,997 | ERROR | 23: Something unexpected and important happened.
2022-03-04 12:15:14,997 | CRITICAL | 24: OMG!!! A critical error happend and the code cannot run!
2022-03-04 12:15:14,997 | CRITICAL | 24: OMG!!! A critical error happend and the code cannot run!
2022-03-04 12:15:17,865 | INFO | 9: Performing Analysis  for 2wcd.pdb
2022-03-04 12:15:17,865 | INFO | 9: Performing Analysis  for 2wcd.pdb
2022-03-04 12:15:17,901 | INFO | 3: Running broken chain analysis for 2wcd.pdb
2022-03-04 12:15:17,901 | INFO | 3: Running broken chain analysis for 2wcd.pdb
2022-03-04 12:15:17,987 | INFO | 3: Extracting alpha helices !
2022-03-04 12:15:17,987 | INFO | 3: Extracting alpha helices !
2022-03-04 12:15:18,425 | INFO | 14: Getting The main chain residues !
2022-03-04 12:15:18,425 | INFO | 14: Getting The main chain residues !
2022-03-04 12:15:18,444 | INFO | 26: Checking for H bond criteria !
2022-03-04 12:15:18,444 | INFO | 26: Checking for H bond criteria !
2022-03-04 12:15:18,534 | INFO | 33: Broken Helix ran sucessfully
2022-03-04 12:15:18,534 | INFO | 33: Broken Helix ran sucessfully
2022-03-04 12:15:18,534 | INFO | 3: Performing dihedral angles analysis for 2wcd.pdb
2022-03-04 12:15:18,534 | INFO | 3: Performing dihedral angles analysis for 2wcd.pdb
2022-03-04 12:15:19,972 | INFO | 6: Dihedral angles generated sucessfully
2022-03-04 12:15:19,972 | INFO | 6: Dihedral angles generated sucessfully
2022-03-04 12:15:19,973 | INFO | 2: Generating Figures
2022-03-04 12:15:19,973 | INFO | 2: Generating Figures
2022-03-04 12:15:20,380 | INFO | 5: Saving Json File
2022-03-04 12:15:20,380 | INFO | 5: Saving Json File
2022-03-04 12:15:20,707 | INFO | 16: Success
2022-03-04 12:15:20,707 | INFO | 16: Success
2022-03-04 12:15:20,707 | INFO | 9: Performing Analysis  for 2kdc.pdb
2022-03-04 12:15:20,707 | INFO | 9: Performing Analysis  for 2kdc.pdb
2022-03-04 12:15:20,716 | INFO | 3: Running broken chain analysis for 2kdc.pdb
2022-03-04 12:15:20,716 | INFO | 3: Running broken chain analysis for 2kdc.pdb
2022-03-04 12:15:20,724 | INFO | 3: Extracting alpha helices !
2022-03-04 12:15:20,724 | INFO | 3: Extracting alpha helices !
2022-03-04 12:15:20,725 | INFO | 14: Getting The main chain residues !
2022-03-04 12:15:20,725 | INFO | 14: Getting The main chain residues !
2022-03-04 12:15:20,725 | INFO | 26: Checking for H bond criteria !
2022-03-04 12:15:20,725 | INFO | 26: Checking for H bond criteria !
2022-03-04 12:15:20,725 | INFO | 33: Broken Helix ran sucessfully
2022-03-04 12:15:20,725 | INFO | 33: Broken Helix ran sucessfully
2022-03-04 12:15:20,727 | INFO | 3: Performing dihedral angles analysis for 2kdc.pdb
2022-03-04 12:15:20,727 | INFO | 3: Performing dihedral angles analysis for 2kdc.pdb
2022-03-04 12:15:20,727 | INFO | 6: Dihedral angles generated sucessfully
2022-03-04 12:15:20,727 | INFO | 6: Dihedral angles generated sucessfully
2022-03-04 12:15:20,727 | INFO | 2: Generating Figures
2022-03-04 12:15:20,727 | INFO | 2: Generating Figures
2022-03-04 12:15:20,830 | INFO | 5: Saving Json File
2022-03-04 12:15:20,830 | INFO | 5: Saving Json File
2022-03-04 12:15:20,830 | INFO | 16: Success
2022-03-04 12:15:20,830 | INFO | 16: Success
2022-03-04 12:15:20,830 | INFO | 9: Performing Analysis  for 2mpn-2.pdb
2022-03-04 12:15:20,830 | INFO | 9: Performing Analysis  for 2mpn-2.pdb
2022-03-04 12:15:20,832 | INFO | 3: Running broken chain analysis for 2mpn-2.pdb
2022-03-04 12:15:20,832 | INFO | 3: Running broken chain analysis for 2mpn-2.pdb
2022-03-04 12:15:20,834 | INFO | 3: Extracting alpha helices !
2022-03-04 12:15:20,834 | INFO | 3: Extracting alpha helices !
2022-03-04 12:15:20,838 | INFO | 14: Getting The main chain residues !
2022-03-04 12:15:20,838 | INFO | 14: Getting The main chain residues !
2022-03-04 12:15:20,839 | INFO | 26: Checking for H bond criteria !
2022-03-04 12:15:20,839 | INFO | 26: Checking for H bond criteria !
2022-03-04 12:15:20,841 | INFO | 33: Broken Helix ran sucessfully
2022-03-04 12:15:20,841 | INFO | 33: Broken Helix ran sucessfully
2022-03-04 12:15:20,841 | INFO | 3: Performing dihedral angles analysis for 2mpn-2.pdb
2022-03-04 12:15:20,841 | INFO | 3: Performing dihedral angles analysis for 2mpn-2.pdb
2022-03-04 12:15:20,874 | INFO | 6: Dihedral angles generated sucessfully
2022-03-04 12:15:20,874 | INFO | 6: Dihedral angles generated sucessfully
2022-03-04 12:15:20,874 | INFO | 2: Generating Figures
2022-03-04 12:15:20,874 | INFO | 2: Generating Figures
2022-03-04 12:15:20,972 | INFO | 5: Saving Json File
2022-03-04 12:15:20,972 | INFO | 5: Saving Json File
2022-03-04 12:15:20,975 | INFO | 16: Success
2022-03-04 12:15:20,975 | INFO | 16: Success
2022-03-04 12:15:20,975 | INFO | 9: Performing Analysis  for 2mpn.pdb
2022-03-04 12:15:20,975 | INFO | 9: Performing Analysis  for 2mpn.pdb
2022-03-04 12:15:20,982 | INFO | 3: Running broken chain analysis for 2mpn.pdb
2022-03-04 12:15:20,982 | INFO | 3: Running broken chain analysis for 2mpn.pdb
2022-03-04 12:15:21,001 | INFO | 3: Extracting alpha helices !
2022-03-04 12:15:21,001 | INFO | 3: Extracting alpha helices !
2022-03-04 12:15:21,010 | INFO | 14: Getting The main chain residues !
2022-03-04 12:15:21,010 | INFO | 14: Getting The main chain residues !
2022-03-04 12:15:21,011 | INFO | 26: Checking for H bond criteria !
2022-03-04 12:15:21,011 | INFO | 26: Checking for H bond criteria !
2022-03-04 12:15:21,015 | INFO | 33: Broken Helix ran sucessfully
2022-03-04 12:15:21,015 | INFO | 33: Broken Helix ran sucessfully
2022-03-04 12:15:21,016 | INFO | 3: Performing dihedral angles analysis for 2mpn.pdb
2022-03-04 12:15:21,016 | INFO | 3: Performing dihedral angles analysis for 2mpn.pdb
2022-03-04 12:15:21,051 | INFO | 6: Dihedral angles generated sucessfully
2022-03-04 12:15:21,051 | INFO | 6: Dihedral angles generated sucessfully
2022-03-04 12:15:21,051 | INFO | 2: Generating Figures
2022-03-04 12:15:21,051 | INFO | 2: Generating Figures
2022-03-04 12:15:21,169 | INFO | 5: Saving Json File
2022-03-04 12:15:21,169 | INFO | 5: Saving Json File
2022-03-04 12:15:21,175 | INFO | 16: Success
2022-03-04 12:15:21,175 | INFO | 16: Success
2022-03-10 10:58:49,955 | INFO | 21: Everything is normal. Relax!
2022-03-10 10:58:49,956 | WARNING | 22: Something unexpected but not important happend.
2022-03-10 10:58:49,956 | ERROR | 23: Something unexpected and important happened.
2022-03-10 10:58:49,956 | CRITICAL | 24: OMG!!! A critical error happend and the code cannot run!
2022-03-10 10:58:55,205 | INFO | 9: Performing Analysis  for 2wcd.pdb
2022-03-10 10:58:55,226 | INFO | 3: Running broken chain analysis for 2wcd.pdb
2022-03-10 10:58:55,272 | INFO | 3: Extracting alpha helices !
2022-03-10 10:58:55,428 | INFO | 14: Getting The main chain residues !
2022-03-10 10:58:55,440 | INFO | 26: Checking for H bond criteria !
2022-03-10 10:58:55,484 | INFO | 33: Broken Helix ran sucessfully
2022-03-10 10:58:55,485 | INFO | 3: Performing dihedral angles analysis for 2wcd.pdb
2022-03-10 10:58:56,153 | INFO | 6: Dihedral angles generated sucessfully
2022-03-10 10:58:56,153 | INFO | 2: Generating Figures
2022-03-10 10:58:56,266 | INFO | 5: Saving Json File
2022-03-10 10:58:56,341 | INFO | 16: Success
2022-03-10 10:58:56,341 | INFO | 9: Performing Analysis  for 2kdc.pdb
2022-03-10 10:58:56,357 | INFO | 3: Running broken chain analysis for 2kdc.pdb
2022-03-10 10:58:56,361 | INFO | 3: Extracting alpha helices !
2022-03-10 10:58:56,361 | INFO | 14: Getting The main chain residues !
2022-03-10 10:58:56,361 | INFO | 26: Checking for H bond criteria !
2022-03-10 10:58:56,361 | INFO | 33: Broken Helix ran sucessfully
2022-03-10 10:58:56,362 | INFO | 3: Performing dihedral angles analysis for 2kdc.pdb
2022-03-10 10:58:56,362 | INFO | 6: Dihedral angles generated sucessfully
2022-03-10 10:58:56,362 | INFO | 2: Generating Figures
2022-03-10 10:58:56,403 | INFO | 5: Saving Json File
2022-03-10 10:58:56,404 | INFO | 16: Success
2022-03-10 10:58:56,404 | INFO | 9: Performing Analysis  for 2mpn-2.pdb
2022-03-10 10:58:56,405 | INFO | 3: Running broken chain analysis for 2mpn-2.pdb
2022-03-10 10:58:56,406 | INFO | 3: Extracting alpha helices !
2022-03-10 10:58:56,408 | INFO | 14: Getting The main chain residues !
2022-03-10 10:58:56,408 | INFO | 26: Checking for H bond criteria !
2022-03-10 10:58:56,409 | INFO | 33: Broken Helix ran sucessfully
2022-03-10 10:58:56,409 | INFO | 3: Performing dihedral angles analysis for 2mpn-2.pdb
2022-03-10 10:58:56,424 | INFO | 6: Dihedral angles generated sucessfully
2022-03-10 10:58:56,424 | INFO | 2: Generating Figures
2022-03-10 10:58:56,466 | INFO | 5: Saving Json File
2022-03-10 10:58:56,467 | INFO | 16: Success
2022-03-10 10:58:56,467 | INFO | 9: Performing Analysis  for 2mpn.pdb
2022-03-10 10:58:56,472 | INFO | 3: Running broken chain analysis for 2mpn.pdb
2022-03-10 10:58:56,481 | INFO | 3: Extracting alpha helices !
2022-03-10 10:58:56,484 | INFO | 14: Getting The main chain residues !
2022-03-10 10:58:56,484 | INFO | 26: Checking for H bond criteria !
2022-03-10 10:58:56,485 | INFO | 33: Broken Helix ran sucessfully
2022-03-10 10:58:56,486 | INFO | 3: Performing dihedral angles analysis for 2mpn.pdb
2022-03-10 10:58:56,499 | INFO | 6: Dihedral angles generated sucessfully
2022-03-10 10:58:56,500 | INFO | 2: Generating Figures
2022-03-10 10:58:56,553 | INFO | 5: Saving Json File
2022-03-10 10:58:56,555 | INFO | 16: Success
2022-03-10 11:10:04,917 | INFO | 9: Performing Analysis  for 2wcd.pdb
2022-03-10 11:10:04,939 | INFO | 9: Performing Analysis  for 2kdc.pdb
2022-03-10 11:10:04,943 | INFO | 9: Performing Analysis  for 2mpn-2.pdb
2022-03-10 11:10:04,945 | INFO | 9: Performing Analysis  for 2mpn.pdb
2022-03-10 11:11:09,600 | INFO | 9: Performing Analysis  for 2wcd.pdb
2022-03-10 11:11:15,006 | INFO | 9: Performing Analysis  for 2wcd.pdb
2022-03-10 11:11:15,022 | INFO | 9: Performing Analysis  for 2kdc.pdb
2022-03-10 11:11:15,026 | INFO | 9: Performing Analysis  for 2mpn-2.pdb
2022-03-10 11:11:15,028 | INFO | 9: Performing Analysis  for 2mpn.pdb
2022-03-10 11:17:21,880 | INFO | 9: Performing Analysis  for .DS_Store
2022-03-10 11:17:45,311 | INFO | 9: Performing Analysis  for .DS_Store
2022-03-10 11:18:47,402 | INFO | 9: Performing Analysis  for .DS_Store
2022-03-10 11:19:41,693 | INFO | 9: Performing Analysis  for .DS_Store
2022-03-10 11:21:06,953 | INFO | 10: Performing Analysis  for .DS_Store
2022-03-10 11:21:32,714 | INFO | 12: Performing Analysis  for 2mpn-2.pdb
2022-03-10 11:21:32,867 | INFO | 12: Performing Analysis  for 2mpn.pdb
2022-03-10 11:22:11,281 | INFO | 11: Performing Analysis  for 2mpn-2.pdb
2022-03-10 11:22:11,283 | INFO | 11: Performing Analysis  for 2mpn.pdb
2022-03-10 11:22:21,339 | INFO | 11: Performing Analysis  for 2mpn-2.pdb
2022-03-10 11:22:21,362 | INFO | 11: Performing Analysis  for 2mpn.pdb
2022-03-10 11:23:13,625 | INFO | 11: Performing Analysis  for 2mpn-2.pdb
2022-03-10 11:23:13,665 | INFO | 11: Performing Analysis  for 2mpn.pdb
2022-03-10 11:24:42,938 | INFO | 11: Performing Analysis  for 2mpn-2.pdb
2022-03-10 11:24:49,790 | INFO | 11: Performing Analysis  for 2mpn-2.pdb
2022-03-10 11:25:01,587 | INFO | 11: Performing Analysis  for 2mpn-2.pdb
2022-03-10 11:25:01,588 | INFO | 11: Performing Analysis  for 2mpn.pdb
2022-03-10 11:34:16,181 | INFO | 11: Performing Analysis  for 2mpn-2.pdb
2022-03-10 11:34:16,434 | INFO | 11: Performing Analysis  for 2mpn.pdb
2022-03-10 11:34:39,751 | INFO | 11: Performing Analysis  for 2mpn-2.pdb
2022-03-10 11:34:39,986 | INFO | 11: Performing Analysis  for 2mpn.pdb
2022-03-10 11:35:41,173 | INFO | 11: Performing Analysis  for 2mpn-2.pdb
2022-03-10 11:35:41,331 | INFO | 11: Performing Analysis  for 2mpn.pdb
2022-03-10 11:36:04,760 | INFO | 11: Performing Analysis  for 2mpn-2.pdb
2022-03-10 11:36:04,818 | INFO | 11: Performing Analysis  for 2mpn.pdb
2022-03-10 11:36:42,301 | INFO | 11: Performing Analysis  for 2mpn-2.pdb
2022-03-10 11:36:42,312 | INFO | 11: Performing Analysis  for 2mpn.pdb
2022-03-10 11:37:39,805 | INFO | 11: Performing Analysis  for 2mpn-2.pdb
2022-03-10 11:37:39,809 | INFO | 11: Performing Analysis  for 2mpn.pdb
2022-03-10 11:54:20,180 | INFO | 11: Performing Analysis  for 2mpn-2.pdb
2022-03-10 11:55:22,661 | INFO | 11: Performing Analysis  for 2mpn-2.pdb
2022-03-10 11:55:22,672 | INFO | 11: Performing Analysis  for 2mpn.pdb
2022-03-10 11:55:35,551 | INFO | 11: Performing Analysis  for 2mpn-2.pdb
2022-03-10 11:55:35,559 | INFO | 11: Performing Analysis  for 2mpn.pdb_membrane_bound.txt
2022-03-10 11:55:35,560 | INFO | 11: Performing Analysis  for 2mpn.pdb
2022-03-10 11:55:35,584 | INFO | 11: Performing Analysis  for 2mpn-2.pdb_membrane_bound.txt
2022-03-10 11:55:39,427 | INFO | 11: Performing Analysis  for 2mpn.pdb_membrane_bound.txt_membrane_bound.txt
2022-03-10 11:55:39,429 | INFO | 11: Performing Analysis  for 2mpn-2.pdb_membrane_bound.txt_membrane_bound.txt
2022-03-10 11:55:39,436 | INFO | 11: Performing Analysis  for 2mpn-2.pdb
2022-03-10 11:55:39,439 | INFO | 11: Performing Analysis  for 2mpn.pdb_membrane_bound.txt
2022-03-10 11:55:39,440 | INFO | 11: Performing Analysis  for 2mpn.pdb
2022-03-10 11:55:39,461 | INFO | 11: Performing Analysis  for 2mpn-2.pdb_membrane_bound.txt
2022-03-10 11:56:03,463 | INFO | 11: Performing Analysis  for 2mpn-2.pdb_membrane_bound.txt_membrane_bound.txt_membrane_bound.txt
2022-03-10 11:56:03,491 | INFO | 11: Performing Analysis  for 2mpn.pdb_membrane_bound.txt_membrane_bound.txt
2022-03-10 11:56:03,493 | INFO | 11: Performing Analysis  for 2mpn-2.pdb_membrane_bound.txt_membrane_bound.txt
2022-03-10 11:56:03,498 | INFO | 11: Performing Analysis  for 2mpn-2.pdb
2022-03-10 11:56:03,501 | INFO | 11: Performing Analysis  for 2mpn.pdb_membrane_bound.txt
2022-03-10 11:56:03,502 | INFO | 11: Performing Analysis  for 2mpn.pdb
2022-03-10 11:56:03,525 | INFO | 11: Performing Analysis  for 2mpn-2.pdb_membrane_bound.txt
2022-03-10 11:56:03,527 | INFO | 11: Performing Analysis  for 2mpn.pdb_membrane_bound.txt_membrane_bound.txt_membrane_bound.txt
2022-03-10 11:56:17,402 | INFO | 11: Performing Analysis  for 2mpn-2.pdb_membrane_bound.txt_membrane_bound.txt_membrane_bound.txt_membrane_bound.txt
2022-03-10 11:56:17,413 | INFO | 11: Performing Analysis  for 2mpn-2.pdb_membrane_bound.txt_membrane_bound.txt_membrane_bound.txt
2022-03-10 11:56:17,419 | INFO | 11: Performing Analysis  for 2mpn.pdb_membrane_bound.txt_membrane_bound.txt
2022-03-10 11:56:17,420 | INFO | 11: Performing Analysis  for 2mpn.pdb_membrane_bound.txt_membrane_bound.txt_membrane_bound.txt_membrane_bound.txt
2022-03-10 11:56:17,421 | INFO | 11: Performing Analysis  for 2mpn-2.pdb_membrane_bound.txt_membrane_bound.txt
2022-03-10 11:56:17,424 | INFO | 11: Performing Analysis  for 2mpn-2.pdb
2022-03-10 11:56:17,427 | INFO | 11: Performing Analysis  for 2mpn.pdb_membrane_bound.txt
2022-03-10 11:56:17,428 | INFO | 11: Performing Analysis  for 2mpn.pdb
2022-03-10 11:56:17,456 | INFO | 11: Performing Analysis  for 2mpn-2.pdb_membrane_bound.txt
2022-03-10 11:56:17,458 | INFO | 11: Performing Analysis  for 2mpn.pdb_membrane_bound.txt_membrane_bound.txt_membrane_bound.txt
2022-03-10 11:57:50,807 | INFO | 11: Performing Analysis  for 2mpn-2.pdb
2022-03-10 11:57:50,812 | INFO | 11: Performing Analysis  for 2mpn.pdb
2022-03-10 12:00:29,128 | INFO | 11: Performing Analysis  for 2mpn-2.pdb_membrane_bound.pdb
2022-03-10 12:00:29,134 | INFO | 3: Running broken chain analysis for 2mpn-2.pdb_membrane_bound.pdb
2022-03-10 12:00:29,135 | INFO | 3: Extracting alpha helices !
2022-03-10 12:00:29,137 | INFO | 14: Getting The main chain residues !
2022-03-10 12:00:29,137 | INFO | 26: Checking for H bond criteria !
2022-03-10 12:00:29,137 | ERROR | 37: Something Bad hapenned in broken helix analysis
2022-03-10 12:00:29,138 | INFO | 3: Performing dihedral angles analysis for 2mpn-2.pdb_membrane_bound.pdb
2022-03-10 12:00:29,138 | INFO | 6: Dihedral angles generated sucessfully
2022-03-10 12:00:29,138 | INFO | 2: Generating Figures
2022-03-10 12:00:29,212 | INFO | 5: Saving Json File
2022-03-10 12:00:29,212 | INFO | 16: Success
2022-03-10 12:00:29,212 | INFO | 11: Performing Analysis  for 2mpn.pdb_membrane_bound.pdb
2022-03-10 12:00:29,213 | INFO | 3: Running broken chain analysis for 2mpn.pdb_membrane_bound.pdb
2022-03-10 12:00:29,213 | INFO | 3: Extracting alpha helices !
2022-03-10 12:00:29,213 | INFO | 14: Getting The main chain residues !
2022-03-10 12:00:29,213 | INFO | 26: Checking for H bond criteria !
2022-03-10 12:00:29,214 | ERROR | 37: Something Bad hapenned in broken helix analysis
2022-03-10 12:00:29,214 | INFO | 3: Performing dihedral angles analysis for 2mpn.pdb_membrane_bound.pdb
2022-03-10 12:00:29,214 | INFO | 6: Dihedral angles generated sucessfully
2022-03-10 12:00:29,214 | INFO | 2: Generating Figures
2022-03-10 12:00:29,257 | INFO | 5: Saving Json File
2022-03-10 12:00:29,257 | INFO | 16: Success
2022-03-10 12:00:29,257 | INFO | 11: Performing Analysis  for 2mpn-2.pdb
2022-03-10 12:00:29,260 | INFO | 3: Running broken chain analysis for 2mpn-2.pdb
2022-03-10 12:00:29,261 | INFO | 3: Extracting alpha helices !
2022-03-10 12:00:29,263 | INFO | 14: Getting The main chain residues !
2022-03-10 12:00:29,263 | INFO | 26: Checking for H bond criteria !
2022-03-10 12:00:29,263 | ERROR | 37: Something Bad hapenned in broken helix analysis
2022-03-10 12:00:29,263 | INFO | 3: Performing dihedral angles analysis for 2mpn-2.pdb
2022-03-10 12:00:29,263 | INFO | 6: Dihedral angles generated sucessfully
2022-03-10 12:00:29,263 | INFO | 2: Generating Figures
2022-03-10 12:00:29,306 | INFO | 5: Saving Json File
2022-03-10 12:00:29,307 | INFO | 16: Success
2022-03-10 12:00:29,307 | INFO | 11: Performing Analysis  for 2mpn.pdb
2022-03-10 12:00:29,331 | INFO | 3: Running broken chain analysis for 2mpn.pdb
2022-03-10 12:00:29,331 | INFO | 3: Extracting alpha helices !
2022-03-10 12:00:29,331 | INFO | 14: Getting The main chain residues !
2022-03-10 12:00:29,331 | INFO | 26: Checking for H bond criteria !
2022-03-10 12:00:29,331 | ERROR | 37: Something Bad hapenned in broken helix analysis
2022-03-10 12:00:29,331 | INFO | 3: Performing dihedral angles analysis for 2mpn.pdb
2022-03-10 12:00:29,331 | INFO | 6: Dihedral angles generated sucessfully
2022-03-10 12:00:29,331 | INFO | 2: Generating Figures
2022-03-10 12:00:29,379 | INFO | 5: Saving Json File
2022-03-10 12:00:29,379 | INFO | 16: Success
2022-03-10 12:01:41,567 | INFO | 11: Performing Analysis  for 2mpn-2.pdb
2022-03-10 12:01:41,573 | INFO | 3: Running broken chain analysis for 2mpn-2.pdb
2022-03-10 12:01:41,574 | INFO | 3: Extracting alpha helices !
2022-03-10 12:01:41,575 | INFO | 14: Getting The main chain residues !
2022-03-10 12:01:41,576 | INFO | 26: Checking for H bond criteria !
2022-03-10 12:01:41,576 | ERROR | 37: Something Bad hapenned in broken helix analysis
2022-03-10 12:01:41,576 | INFO | 3: Performing dihedral angles analysis for 2mpn-2.pdb
2022-03-10 12:01:41,576 | INFO | 6: Dihedral angles generated sucessfully
2022-03-10 12:01:41,576 | INFO | 2: Generating Figures
2022-03-10 12:01:41,623 | INFO | 5: Saving Json File
2022-03-10 12:01:41,623 | INFO | 16: Success
2022-03-10 12:01:41,623 | INFO | 11: Performing Analysis  for 2mpn.pdb
2022-03-10 12:01:41,645 | INFO | 3: Running broken chain analysis for 2mpn.pdb
2022-03-10 12:01:41,646 | INFO | 3: Extracting alpha helices !
2022-03-10 12:01:41,646 | INFO | 14: Getting The main chain residues !
2022-03-10 12:01:41,646 | INFO | 26: Checking for H bond criteria !
2022-03-10 12:01:41,646 | ERROR | 37: Something Bad hapenned in broken helix analysis
2022-03-10 12:01:41,646 | INFO | 3: Performing dihedral angles analysis for 2mpn.pdb
2022-03-10 12:01:41,646 | INFO | 6: Dihedral angles generated sucessfully
2022-03-10 12:01:41,646 | INFO | 2: Generating Figures
2022-03-10 12:01:41,757 | INFO | 5: Saving Json File
2022-03-10 12:01:41,757 | INFO | 16: Success
2022-03-10 12:02:07,931 | INFO | 11: Performing Analysis  for 2mpn-2.pdb
2022-03-10 12:02:07,938 | INFO | 3: Running broken chain analysis for 2mpn-2.pdb
2022-03-10 12:02:07,939 | INFO | 3: Extracting alpha helices !
2022-03-10 12:02:07,941 | INFO | 14: Getting The main chain residues !
2022-03-10 12:02:07,941 | INFO | 26: Checking for H bond criteria !
2022-03-10 12:02:07,941 | ERROR | 37: Something Bad hapenned in broken helix analysis
2022-03-10 12:02:07,941 | INFO | 3: Performing dihedral angles analysis for 2mpn-2.pdb
2022-03-10 12:02:07,942 | INFO | 6: Dihedral angles generated sucessfully
2022-03-10 12:02:07,942 | INFO | 2: Generating Figures
2022-03-10 12:02:07,991 | INFO | 5: Saving Json File
2022-03-10 12:02:07,992 | INFO | 16: Success
2022-03-10 12:02:07,992 | INFO | 11: Performing Analysis  for 2mpn.pdb
2022-03-10 12:02:08,013 | INFO | 3: Running broken chain analysis for 2mpn.pdb
2022-03-10 12:02:08,014 | INFO | 3: Extracting alpha helices !
2022-03-10 12:02:08,014 | INFO | 14: Getting The main chain residues !
2022-03-10 12:02:08,014 | INFO | 26: Checking for H bond criteria !
2022-03-10 12:02:08,014 | ERROR | 37: Something Bad hapenned in broken helix analysis
2022-03-10 12:02:08,014 | INFO | 3: Performing dihedral angles analysis for 2mpn.pdb
2022-03-10 12:02:08,014 | INFO | 6: Dihedral angles generated sucessfully
2022-03-10 12:02:08,014 | INFO | 2: Generating Figures
2022-03-10 12:02:08,058 | INFO | 5: Saving Json File
2022-03-10 12:02:08,058 | INFO | 16: Success
2022-03-10 12:05:00,920 | INFO | 11: Performing Analysis  for 2mpn-2.pdb
2022-03-10 12:05:00,924 | INFO | 3: Running broken chain analysis for 2mpn-2.pdb
2022-03-10 12:05:00,925 | INFO | 3: Extracting alpha helices !
2022-03-10 12:05:00,927 | INFO | 14: Getting The main chain residues !
2022-03-10 12:05:00,927 | INFO | 26: Checking for H bond criteria !
2022-03-10 12:05:00,927 | ERROR | 37: Something Bad hapenned in broken helix analysis
2022-03-10 12:05:00,927 | INFO | 3: Performing dihedral angles analysis for 2mpn-2.pdb
2022-03-10 12:05:00,927 | INFO | 6: Dihedral angles generated sucessfully
2022-03-10 12:05:00,927 | INFO | 2: Generating Figures
2022-03-10 12:05:00,977 | INFO | 5: Saving Json File
2022-03-10 12:05:00,977 | INFO | 16: Success
2022-03-10 12:05:00,977 | INFO | 11: Performing Analysis  for 2mpn.pdb
2022-03-10 12:05:00,999 | INFO | 3: Running broken chain analysis for 2mpn.pdb
2022-03-10 12:05:00,999 | INFO | 3: Extracting alpha helices !
2022-03-10 12:05:00,999 | INFO | 14: Getting The main chain residues !
2022-03-10 12:05:01,000 | INFO | 26: Checking for H bond criteria !
2022-03-10 12:05:01,000 | ERROR | 37: Something Bad hapenned in broken helix analysis
2022-03-10 12:05:01,000 | INFO | 3: Performing dihedral angles analysis for 2mpn.pdb
2022-03-10 12:05:01,000 | INFO | 6: Dihedral angles generated sucessfully
2022-03-10 12:05:01,000 | INFO | 2: Generating Figures
2022-03-10 12:05:01,043 | INFO | 5: Saving Json File
2022-03-10 12:05:01,044 | INFO | 16: Success
2022-03-10 12:06:50,982 | INFO | 11: Performing Analysis  for 2mpn-2.pdb
2022-03-10 12:06:50,990 | INFO | 3: Running broken chain analysis for 2mpn-2.pdb
2022-03-10 12:06:50,991 | INFO | 3: Extracting alpha helices !
2022-03-10 12:06:50,993 | INFO | 14: Getting The main chain residues !
2022-03-10 12:06:50,993 | INFO | 26: Checking for H bond criteria !
2022-03-10 12:06:50,993 | ERROR | 37: Something Bad hapenned in broken helix analysis
2022-03-10 12:06:50,993 | INFO | 3: Performing dihedral angles analysis for 2mpn-2.pdb
2022-03-10 12:06:50,994 | INFO | 6: Dihedral angles generated sucessfully
2022-03-10 12:06:50,994 | INFO | 2: Generating Figures
2022-03-10 12:06:51,040 | INFO | 5: Saving Json File
2022-03-10 12:06:51,040 | INFO | 16: Success
2022-03-10 12:06:51,040 | INFO | 11: Performing Analysis  for 2mpn.pdb
2022-03-10 12:06:51,062 | INFO | 3: Running broken chain analysis for 2mpn.pdb
2022-03-10 12:06:51,062 | INFO | 3: Extracting alpha helices !
2022-03-10 12:06:51,063 | INFO | 14: Getting The main chain residues !
2022-03-10 12:06:51,063 | INFO | 26: Checking for H bond criteria !
2022-03-10 12:06:51,063 | ERROR | 37: Something Bad hapenned in broken helix analysis
2022-03-10 12:06:51,063 | INFO | 3: Performing dihedral angles analysis for 2mpn.pdb
2022-03-10 12:06:51,063 | INFO | 6: Dihedral angles generated sucessfully
2022-03-10 12:06:51,063 | INFO | 2: Generating Figures
2022-03-10 12:06:51,107 | INFO | 5: Saving Json File
2022-03-10 12:06:51,107 | INFO | 16: Success
2022-03-10 12:08:07,188 | INFO | 11: Performing Analysis  for 2mpn-2.pdb
2022-03-10 12:08:07,193 | INFO | 3: Running broken chain analysis for 2mpn-2.pdb
2022-03-10 12:08:07,194 | INFO | 3: Extracting alpha helices !
2022-03-10 12:08:07,196 | INFO | 15: Getting The main chain residues !
2022-03-10 12:08:07,196 | INFO | 27: Checking for H bond criteria !
2022-03-10 12:08:07,197 | ERROR | 38: Something Bad hapenned in broken helix analysis
2022-03-10 12:08:07,197 | INFO | 3: Performing dihedral angles analysis for 2mpn-2.pdb
2022-03-10 12:08:07,197 | INFO | 6: Dihedral angles generated sucessfully
2022-03-10 12:08:07,197 | INFO | 2: Generating Figures
2022-03-10 12:08:07,242 | INFO | 5: Saving Json File
2022-03-10 12:08:07,243 | INFO | 16: Success
2022-03-10 12:08:07,243 | INFO | 11: Performing Analysis  for 2mpn.pdb
2022-03-10 12:08:07,265 | INFO | 3: Running broken chain analysis for 2mpn.pdb
2022-03-10 12:08:07,265 | INFO | 3: Extracting alpha helices !
2022-03-10 12:08:07,265 | INFO | 15: Getting The main chain residues !
2022-03-10 12:08:07,265 | INFO | 27: Checking for H bond criteria !
2022-03-10 12:08:07,265 | ERROR | 38: Something Bad hapenned in broken helix analysis
2022-03-10 12:08:07,265 | INFO | 3: Performing dihedral angles analysis for 2mpn.pdb
2022-03-10 12:08:07,266 | INFO | 6: Dihedral angles generated sucessfully
2022-03-10 12:08:07,266 | INFO | 2: Generating Figures
2022-03-10 12:08:07,309 | INFO | 5: Saving Json File
2022-03-10 12:08:07,309 | INFO | 16: Success
2022-03-10 12:09:49,103 | INFO | 11: Performing Analysis  for 2mpn-2.pdb
2022-03-10 12:09:49,108 | INFO | 3: Running broken chain analysis for 2mpn-2.pdb
2022-03-10 12:09:49,109 | INFO | 3: Extracting alpha helices !
2022-03-10 12:09:49,110 | INFO | 15: Getting The main chain residues !
2022-03-10 12:09:49,111 | INFO | 27: Checking for H bond criteria !
2022-03-10 12:09:49,111 | ERROR | 38: Something Bad hapenned in broken helix analysis
2022-03-10 12:09:49,111 | INFO | 3: Performing dihedral angles analysis for 2mpn-2.pdb
2022-03-10 12:09:49,111 | INFO | 6: Dihedral angles generated sucessfully
2022-03-10 12:09:49,111 | INFO | 2: Generating Figures
2022-03-10 12:09:49,160 | INFO | 5: Saving Json File
2022-03-10 12:09:49,161 | INFO | 16: Success
2022-03-10 12:09:49,161 | INFO | 11: Performing Analysis  for 2mpn.pdb
2022-03-10 12:09:49,184 | INFO | 3: Running broken chain analysis for 2mpn.pdb
2022-03-10 12:09:49,185 | INFO | 3: Extracting alpha helices !
2022-03-10 12:09:49,185 | INFO | 15: Getting The main chain residues !
2022-03-10 12:09:49,185 | INFO | 27: Checking for H bond criteria !
2022-03-10 12:09:49,186 | ERROR | 38: Something Bad hapenned in broken helix analysis
2022-03-10 12:09:49,186 | INFO | 3: Performing dihedral angles analysis for 2mpn.pdb
2022-03-10 12:09:49,186 | INFO | 6: Dihedral angles generated sucessfully
2022-03-10 12:09:49,186 | INFO | 2: Generating Figures
2022-03-10 12:09:49,232 | INFO | 5: Saving Json File
2022-03-10 12:09:49,233 | INFO | 16: Success
2022-03-10 12:10:32,745 | INFO | 11: Performing Analysis  for 2mpn-2.pdb
2022-03-10 12:10:32,749 | INFO | 3: Running broken chain analysis for 2mpn-2.pdb
2022-03-10 12:10:32,750 | INFO | 3: Extracting alpha helices !
2022-03-10 12:10:32,752 | INFO | 15: Getting The main chain residues !
2022-03-10 12:10:32,752 | INFO | 27: Checking for H bond criteria !
2022-03-10 12:10:32,753 | ERROR | 38: Something Bad hapenned in broken helix analysis
2022-03-10 12:10:32,753 | INFO | 3: Performing dihedral angles analysis for 2mpn-2.pdb
2022-03-10 12:10:32,753 | INFO | 6: Dihedral angles generated sucessfully
2022-03-10 12:10:32,753 | INFO | 2: Generating Figures
2022-03-10 12:10:32,800 | INFO | 5: Saving Json File
2022-03-10 12:10:32,800 | INFO | 16: Success
2022-03-10 12:10:32,800 | INFO | 11: Performing Analysis  for 2mpn.pdb
2022-03-10 12:10:32,824 | INFO | 3: Running broken chain analysis for 2mpn.pdb
2022-03-10 12:10:32,824 | INFO | 3: Extracting alpha helices !
2022-03-10 12:10:32,824 | INFO | 15: Getting The main chain residues !
2022-03-10 12:10:32,824 | INFO | 27: Checking for H bond criteria !
2022-03-10 12:10:32,824 | ERROR | 38: Something Bad hapenned in broken helix analysis
2022-03-10 12:10:32,824 | INFO | 3: Performing dihedral angles analysis for 2mpn.pdb
2022-03-10 12:10:32,824 | INFO | 6: Dihedral angles generated sucessfully
2022-03-10 12:10:32,824 | INFO | 2: Generating Figures
2022-03-10 12:10:32,869 | INFO | 5: Saving Json File
2022-03-10 12:10:32,869 | INFO | 16: Success
2022-03-10 12:11:38,174 | INFO | 11: Performing Analysis  for 2mpn-2.pdb
2022-03-10 12:11:38,179 | INFO | 3: Running broken chain analysis for 2mpn-2.pdb
2022-03-10 12:11:38,181 | INFO | 3: Extracting alpha helices !
2022-03-10 12:11:38,182 | INFO | 15: Getting The main chain residues !
2022-03-10 12:11:38,184 | INFO | 27: Checking for H bond criteria !
2022-03-10 12:11:38,185 | ERROR | 38: Something Bad hapenned in broken helix analysis
2022-03-10 12:11:38,185 | INFO | 3: Performing dihedral angles analysis for 2mpn-2.pdb
2022-03-10 12:11:38,185 | INFO | 6: Dihedral angles generated sucessfully
2022-03-10 12:11:38,185 | INFO | 2: Generating Figures
2022-03-10 12:11:38,233 | INFO | 5: Saving Json File
2022-03-10 12:11:38,233 | INFO | 16: Success
2022-03-10 12:11:38,233 | INFO | 11: Performing Analysis  for 2mpn.pdb
2022-03-10 12:11:38,257 | INFO | 3: Running broken chain analysis for 2mpn.pdb
2022-03-10 12:11:38,258 | INFO | 3: Extracting alpha helices !
2022-03-10 12:11:38,258 | INFO | 15: Getting The main chain residues !
2022-03-10 12:11:38,258 | INFO | 27: Checking for H bond criteria !
2022-03-10 12:11:38,258 | ERROR | 38: Something Bad hapenned in broken helix analysis
2022-03-10 12:11:38,258 | INFO | 3: Performing dihedral angles analysis for 2mpn.pdb
2022-03-10 12:11:38,258 | INFO | 6: Dihedral angles generated sucessfully
2022-03-10 12:11:38,258 | INFO | 2: Generating Figures
2022-03-10 12:11:38,359 | INFO | 5: Saving Json File
2022-03-10 12:11:38,359 | INFO | 16: Success
2022-03-10 12:11:49,281 | INFO | 11: Performing Analysis  for 2mpn-2.pdb
2022-03-10 12:11:49,285 | INFO | 3: Running broken chain analysis for 2mpn-2.pdb
2022-03-10 12:11:49,286 | INFO | 3: Extracting alpha helices !
2022-03-10 12:11:49,287 | INFO | 15: Getting The main chain residues !
2022-03-10 12:11:49,287 | INFO | 26: Checking for H bond criteria !
2022-03-10 12:11:49,288 | ERROR | 37: Something Bad hapenned in broken helix analysis
2022-03-10 12:11:49,288 | INFO | 3: Performing dihedral angles analysis for 2mpn-2.pdb
2022-03-10 12:11:49,288 | INFO | 6: Dihedral angles generated sucessfully
2022-03-10 12:11:49,288 | INFO | 2: Generating Figures
2022-03-10 12:11:49,336 | INFO | 5: Saving Json File
2022-03-10 12:11:49,336 | INFO | 16: Success
2022-03-10 12:11:49,336 | INFO | 11: Performing Analysis  for 2mpn.pdb
2022-03-10 12:11:49,359 | INFO | 3: Running broken chain analysis for 2mpn.pdb
2022-03-10 12:11:49,359 | INFO | 3: Extracting alpha helices !
2022-03-10 12:11:49,359 | INFO | 15: Getting The main chain residues !
2022-03-10 12:11:49,359 | INFO | 26: Checking for H bond criteria !
2022-03-10 12:11:49,359 | ERROR | 37: Something Bad hapenned in broken helix analysis
2022-03-10 12:11:49,359 | INFO | 3: Performing dihedral angles analysis for 2mpn.pdb
2022-03-10 12:11:49,359 | INFO | 6: Dihedral angles generated sucessfully
2022-03-10 12:11:49,359 | INFO | 2: Generating Figures
2022-03-10 12:11:49,404 | INFO | 5: Saving Json File
2022-03-10 12:11:49,404 | INFO | 16: Success
2022-03-11 12:05:46,859 | INFO | 21: Everything is normal. Relax!
2022-03-11 12:05:46,859 | WARNING | 22: Something unexpected but not important happend.
2022-03-11 12:05:46,859 | ERROR | 23: Something unexpected and important happened.
2022-03-11 12:05:46,860 | CRITICAL | 24: OMG!!! A critical error happend and the code cannot run!
2022-03-11 12:05:56,290 | INFO | 11: Performing Analysis  for 6sp7.pdb
2022-03-11 12:05:56,296 | INFO | 3: Running broken chain analysis for 6sp7.pdb
2022-03-11 12:05:56,297 | INFO | 3: Extracting alpha helices !
2022-03-11 12:05:56,297 | INFO | 15: Getting The main chain residues !
2022-03-11 12:05:56,297 | INFO | 26: Checking for H bond criteria !
2022-03-11 12:05:56,297 | ERROR | 37: Something Bad hapenned in broken helix analysis
2022-03-11 12:05:56,297 | INFO | 3: Performing dihedral angles analysis for 6sp7.pdb
2022-03-11 12:05:56,297 | INFO | 6: Dihedral angles generated sucessfully
2022-03-11 12:05:56,297 | INFO | 2: Generating Figures
2022-03-11 12:05:56,375 | INFO | 5: Saving Json File
2022-03-11 12:05:56,376 | INFO | 16: Success
2022-03-11 12:08:38,086 | INFO | 11: Performing Analysis  for 2wcd.pdb
2022-03-11 12:08:38,205 | INFO | 3: Running broken chain analysis for 2wcd.pdb
2022-03-11 12:08:38,228 | INFO | 3: Extracting alpha helices !
2022-03-11 12:08:38,229 | INFO | 15: Getting The main chain residues !
2022-03-11 12:08:38,231 | INFO | 26: Checking for H bond criteria !
2022-03-11 12:08:38,231 | ERROR | 37: Something Bad hapenned in broken helix analysis
2022-03-11 12:08:38,231 | INFO | 3: Performing dihedral angles analysis for 2wcd.pdb
2022-03-11 12:08:38,231 | INFO | 6: Dihedral angles generated sucessfully
2022-03-11 12:08:38,231 | INFO | 2: Generating Figures
2022-03-11 12:08:38,284 | INFO | 5: Saving Json File
2022-03-11 12:08:38,285 | INFO | 16: Success
2022-03-11 12:10:13,378 | INFO | 11: Performing Analysis  for 2wcd.pdb
2022-03-11 12:10:13,439 | INFO | 3: Running broken chain analysis for 2wcd.pdb
2022-03-11 12:10:13,443 | INFO | 3: Extracting alpha helices !
2022-03-11 12:10:13,443 | INFO | 15: Getting The main chain residues !
2022-03-11 12:10:13,443 | INFO | 26: Checking for H bond criteria !
2022-03-11 12:10:13,443 | INFO | 33: Broken Helix ran sucessfully
2022-03-11 12:10:13,443 | INFO | 3: Performing dihedral angles analysis for 2wcd.pdb
2022-03-11 12:10:13,443 | INFO | 6: Dihedral angles generated sucessfully
2022-03-11 12:10:13,444 | INFO | 2: Generating Figures
2022-03-11 12:10:13,490 | INFO | 5: Saving Json File
2022-03-11 12:10:13,490 | INFO | 16: Success
2022-03-11 13:44:06,198 | INFO | 11: Performing Analysis  for 2wcd.pdb
2022-03-11 13:44:06,252 | INFO | 3: Running broken chain analysis for 2wcd.pdb
2022-03-11 13:44:06,256 | INFO | 3: Extracting alpha helices !
2022-03-11 13:44:06,256 | INFO | 15: Getting The main chain residues !
2022-03-11 13:44:06,256 | INFO | 26: Checking for H bond criteria !
2022-03-11 13:44:06,256 | INFO | 33: Broken Helix ran sucessfully
2022-03-11 13:44:06,257 | INFO | 3: Performing dihedral angles analysis for 2wcd.pdb
2022-03-11 13:44:06,257 | INFO | 6: Dihedral angles generated sucessfully
2022-03-11 13:44:06,257 | INFO | 2: Generating Figures
2022-03-11 13:44:06,340 | INFO | 5: Saving Json File
2022-03-11 13:44:06,341 | INFO | 16: Success
2022-03-11 13:44:35,847 | INFO | 11: Performing Analysis  for 2wcd.pdb
2022-03-11 13:44:35,888 | INFO | 3: Running broken chain analysis for 2wcd.pdb
2022-03-11 13:44:35,892 | INFO | 3: Extracting alpha helices !
2022-03-11 13:44:35,892 | INFO | 15: Getting The main chain residues !
2022-03-11 13:44:35,892 | INFO | 26: Checking for H bond criteria !
2022-03-11 13:44:35,892 | INFO | 33: Broken Helix ran sucessfully
2022-03-11 13:44:35,892 | INFO | 3: Performing dihedral angles analysis for 2wcd.pdb
2022-03-11 13:44:35,892 | INFO | 6: Dihedral angles generated sucessfully
2022-03-11 13:44:35,892 | INFO | 2: Generating Figures
2022-03-11 13:44:35,937 | INFO | 5: Saving Json File
2022-03-11 13:44:35,937 | INFO | 16: Success
2022-03-11 13:44:52,738 | INFO | 11: Performing Analysis  for 2wcd.pdb
2022-03-11 13:44:52,778 | INFO | 3: Running broken chain analysis for 2wcd.pdb
2022-03-11 13:44:52,782 | INFO | 3: Extracting alpha helices !
2022-03-11 13:44:52,782 | INFO | 15: Getting The main chain residues !
2022-03-11 13:44:52,782 | INFO | 26: Checking for H bond criteria !
2022-03-11 13:44:52,782 | INFO | 33: Broken Helix ran sucessfully
2022-03-11 13:44:52,782 | INFO | 3: Performing dihedral angles analysis for 2wcd.pdb
2022-03-11 13:44:52,782 | INFO | 6: Dihedral angles generated sucessfully
2022-03-11 13:44:52,782 | INFO | 2: Generating Figures
2022-03-11 13:44:52,827 | INFO | 5: Saving Json File
2022-03-11 13:44:52,827 | INFO | 16: Success
2022-03-11 13:53:06,599 | INFO | 21: Everything is normal. Relax!
2022-03-11 13:53:06,601 | WARNING | 22: Something unexpected but not important happend.
2022-03-11 13:53:06,601 | ERROR | 23: Something unexpected and important happened.
2022-03-11 13:53:06,601 | CRITICAL | 24: OMG!!! A critical error happend and the code cannot run!
2022-03-11 13:53:11,822 | INFO | 11: Performing Analysis  for 2mpn-2.pdb
2022-03-11 13:53:11,827 | INFO | 3: Running broken chain analysis for 2mpn-2.pdb
2022-03-11 13:53:11,828 | INFO | 3: Extracting alpha helices !
2022-03-11 13:53:11,830 | INFO | 15: Getting The main chain residues !
2022-03-11 13:53:11,831 | INFO | 26: Checking for H bond criteria !
2022-03-11 13:53:11,831 | ERROR | 37: Something Bad hapenned in broken helix analysis
2022-03-11 13:53:11,831 | INFO | 3: Performing dihedral angles analysis for 2mpn-2.pdb
2022-03-11 13:53:11,831 | INFO | 6: Dihedral angles generated sucessfully
2022-03-11 13:53:11,832 | INFO | 2: Generating Figures
2022-03-11 13:53:11,910 | INFO | 5: Saving Json File
2022-03-11 13:53:11,910 | INFO | 16: Success
2022-03-11 13:53:11,910 | INFO | 11: Performing Analysis  for 2mpn.pdb
2022-03-11 13:53:11,935 | INFO | 3: Running broken chain analysis for 2mpn.pdb
2022-03-11 13:53:11,935 | INFO | 3: Extracting alpha helices !
2022-03-11 13:53:11,936 | INFO | 15: Getting The main chain residues !
2022-03-11 13:53:11,936 | INFO | 26: Checking for H bond criteria !
2022-03-11 13:53:11,936 | ERROR | 37: Something Bad hapenned in broken helix analysis
2022-03-11 13:53:11,936 | INFO | 3: Performing dihedral angles analysis for 2mpn.pdb
2022-03-11 13:53:11,936 | INFO | 6: Dihedral angles generated sucessfully
2022-03-11 13:53:11,936 | INFO | 2: Generating Figures
2022-03-11 13:53:11,980 | INFO | 5: Saving Json File
2022-03-11 13:53:11,980 | INFO | 16: Success
2022-03-11 13:53:11,980 | INFO | 11: Performing Analysis  for 4ezc.pdb
2022-03-11 13:53:11,995 | INFO | 3: Running broken chain analysis for 4ezc.pdb
2022-03-11 13:53:11,998 | INFO | 3: Extracting alpha helices !
2022-03-11 13:53:11,998 | INFO | 15: Getting The main chain residues !
2022-03-11 13:53:11,998 | INFO | 26: Checking for H bond criteria !
2022-03-11 13:53:11,998 | ERROR | 37: Something Bad hapenned in broken helix analysis
2022-03-11 13:53:11,998 | INFO | 3: Performing dihedral angles analysis for 4ezc.pdb
2022-03-11 13:53:11,998 | INFO | 6: Dihedral angles generated sucessfully
2022-03-11 13:53:11,998 | INFO | 2: Generating Figures
2022-03-11 13:53:12,042 | INFO | 5: Saving Json File
2022-03-11 13:53:12,042 | INFO | 16: Success
2022-03-11 13:54:29,274 | INFO | 11: Performing Analysis  for 4ezc.pdb
2022-03-11 13:54:29,297 | INFO | 3: Running broken chain analysis for 4ezc.pdb
2022-03-11 13:54:29,300 | INFO | 3: Extracting alpha helices !
2022-03-11 13:54:29,300 | INFO | 15: Getting The main chain residues !
2022-03-11 13:54:29,301 | INFO | 26: Checking for H bond criteria !
2022-03-11 13:54:29,301 | ERROR | 37: Something Bad hapenned in broken helix analysis
2022-03-11 13:54:29,301 | INFO | 3: Performing dihedral angles analysis for 4ezc.pdb
2022-03-11 13:54:29,301 | INFO | 6: Dihedral angles generated sucessfully
2022-03-11 13:54:29,301 | INFO | 2: Generating Figures
2022-03-11 13:54:29,350 | INFO | 5: Saving Json File
2022-03-11 13:54:29,350 | INFO | 16: Success
2022-03-11 13:54:47,864 | INFO | 11: Performing Analysis  for 4ezc.pdb
2022-03-11 13:54:47,885 | INFO | 3: Running broken chain analysis for 4ezc.pdb
2022-03-11 13:54:47,888 | INFO | 3: Extracting alpha helices !
2022-03-11 13:54:47,889 | INFO | 15: Getting The main chain residues !
2022-03-11 13:54:47,889 | INFO | 26: Checking for H bond criteria !
2022-03-11 13:54:47,891 | ERROR | 37: Something Bad hapenned in broken helix analysis
2022-03-11 13:54:47,891 | INFO | 3: Performing dihedral angles analysis for 4ezc.pdb
2022-03-11 13:54:47,891 | INFO | 6: Dihedral angles generated sucessfully
2022-03-11 13:54:47,891 | INFO | 2: Generating Figures
2022-03-11 13:54:47,937 | INFO | 5: Saving Json File
2022-03-11 13:54:47,937 | INFO | 16: Success
2022-03-11 13:55:38,707 | INFO | 11: Performing Analysis  for 4ezc.pdb
2022-03-11 13:55:39,618 | INFO | 3: Running broken chain analysis for 4ezc.pdb
2022-03-11 13:55:39,621 | INFO | 3: Extracting alpha helices !
2022-03-11 13:55:39,621 | INFO | 15: Getting The main chain residues !
2022-03-11 13:55:39,621 | INFO | 26: Checking for H bond criteria !
2022-03-11 13:55:39,622 | ERROR | 37: Something Bad hapenned in broken helix analysis
2022-03-11 13:55:39,622 | INFO | 3: Performing dihedral angles analysis for 4ezc.pdb
2022-03-11 13:55:39,622 | INFO | 6: Dihedral angles generated sucessfully
2022-03-11 13:55:39,623 | INFO | 2: Generating Figures
2022-03-11 13:55:39,700 | INFO | 5: Saving Json File
2022-03-11 13:55:39,701 | INFO | 16: Success
2022-03-11 13:56:06,105 | INFO | 11: Performing Analysis  for 4ezc.pdb
2022-03-11 13:56:06,123 | INFO | 3: Running broken chain analysis for 4ezc.pdb
2022-03-11 13:56:06,125 | INFO | 3: Extracting alpha helices !
2022-03-11 13:56:06,126 | INFO | 15: Getting The main chain residues !
2022-03-11 13:56:06,126 | INFO | 26: Checking for H bond criteria !
2022-03-11 13:56:06,126 | ERROR | 37: Something Bad hapenned in broken helix analysis
2022-03-11 13:56:06,126 | INFO | 3: Performing dihedral angles analysis for 4ezc.pdb
2022-03-11 13:56:06,126 | INFO | 6: Dihedral angles generated sucessfully
2022-03-11 13:56:06,126 | INFO | 2: Generating Figures
2022-03-11 13:56:06,181 | INFO | 5: Saving Json File
2022-03-11 13:56:06,181 | INFO | 16: Success
2022-03-11 13:57:07,690 | INFO | 11: Performing Analysis  for 4ezc.pdb
2022-03-11 13:57:07,728 | INFO | 3: Running broken chain analysis for 4ezc.pdb
2022-03-11 13:57:07,733 | INFO | 3: Extracting alpha helices !
2022-03-11 13:57:07,779 | INFO | 15: Getting The main chain residues !
2022-03-11 13:57:07,779 | INFO | 26: Checking for H bond criteria !
2022-03-11 13:57:07,779 | ERROR | 37: Something Bad hapenned in broken helix analysis
2022-03-11 13:57:07,780 | INFO | 3: Performing dihedral angles analysis for 4ezc.pdb
2022-03-11 13:57:07,780 | INFO | 6: Dihedral angles generated sucessfully
2022-03-11 13:57:07,780 | INFO | 2: Generating Figures
2022-03-11 13:57:07,831 | INFO | 5: Saving Json File
2022-03-11 13:57:07,831 | INFO | 16: Success
2022-03-11 13:57:52,289 | INFO | 11: Performing Analysis  for 4ezc.pdb
2022-03-11 13:57:52,311 | INFO | 3: Running broken chain analysis for 4ezc.pdb
2022-03-11 13:57:52,316 | INFO | 3: Extracting alpha helices !
2022-03-11 13:57:52,362 | INFO | 15: Getting The main chain residues !
2022-03-11 13:57:52,363 | INFO | 26: Checking for H bond criteria !
2022-03-11 13:57:52,364 | ERROR | 37: Something Bad hapenned in broken helix analysis
2022-03-11 13:57:52,364 | INFO | 3: Performing dihedral angles analysis for 4ezc.pdb
2022-03-11 13:57:52,364 | INFO | 6: Dihedral angles generated sucessfully
2022-03-11 13:57:52,364 | INFO | 2: Generating Figures
2022-03-11 13:57:52,407 | INFO | 5: Saving Json File
2022-03-11 13:57:52,408 | INFO | 16: Success
2022-03-11 13:58:19,654 | INFO | 11: Performing Analysis  for 4ezc.pdb
2022-03-11 13:58:19,677 | INFO | 3: Running broken chain analysis for 4ezc.pdb
2022-03-11 13:58:19,682 | INFO | 3: Extracting alpha helices !
2022-03-11 13:58:19,730 | INFO | 15: Getting The main chain residues !
2022-03-11 13:58:19,732 | INFO | 26: Checking for H bond criteria !
2022-03-11 13:58:19,732 | ERROR | 37: Something Bad hapenned in broken helix analysis
2022-03-11 13:58:19,732 | INFO | 3: Performing dihedral angles analysis for 4ezc.pdb
2022-03-11 13:58:19,732 | INFO | 6: Dihedral angles generated sucessfully
2022-03-11 13:58:19,732 | INFO | 2: Generating Figures
2022-03-11 13:58:19,776 | INFO | 5: Saving Json File
2022-03-11 13:58:19,776 | INFO | 16: Success
2022-03-11 13:58:56,303 | INFO | 11: Performing Analysis  for 4ezc.pdb
2022-03-11 13:58:56,324 | INFO | 3: Running broken chain analysis for 4ezc.pdb
2022-03-11 13:58:56,329 | INFO | 3: Extracting alpha helices !
2022-03-11 13:58:56,379 | INFO | 15: Getting The main chain residues !
2022-03-11 13:58:56,380 | INFO | 26: Checking for H bond criteria !
2022-03-11 13:58:56,380 | ERROR | 37: Something Bad hapenned in broken helix analysis
2022-03-11 13:58:56,381 | INFO | 3: Performing dihedral angles analysis for 4ezc.pdb
2022-03-11 13:58:56,381 | INFO | 6: Dihedral angles generated sucessfully
2022-03-11 13:58:56,381 | INFO | 2: Generating Figures
2022-03-11 13:58:56,426 | INFO | 5: Saving Json File
2022-03-11 13:58:56,427 | INFO | 16: Success
2022-03-11 13:59:11,049 | INFO | 11: Performing Analysis  for 4ezc.pdb
2022-03-11 13:59:11,070 | INFO | 3: Running broken chain analysis for 4ezc.pdb
2022-03-11 13:59:11,075 | INFO | 3: Extracting alpha helices !
2022-03-11 13:59:11,123 | INFO | 15: Getting The main chain residues !
2022-03-11 13:59:11,124 | INFO | 26: Checking for H bond criteria !
2022-03-11 13:59:11,125 | ERROR | 37: Something Bad hapenned in broken helix analysis
2022-03-11 13:59:11,125 | INFO | 3: Performing dihedral angles analysis for 4ezc.pdb
2022-03-11 13:59:11,125 | INFO | 6: Dihedral angles generated sucessfully
2022-03-11 13:59:11,125 | INFO | 2: Generating Figures
2022-03-11 13:59:11,168 | INFO | 5: Saving Json File
2022-03-11 13:59:11,168 | INFO | 16: Success
2022-03-11 13:59:25,106 | INFO | 11: Performing Analysis  for 4ezc.pdb
2022-03-11 13:59:25,127 | INFO | 3: Running broken chain analysis for 4ezc.pdb
2022-03-11 13:59:25,132 | INFO | 3: Extracting alpha helices !
2022-03-11 13:59:25,177 | INFO | 15: Getting The main chain residues !
2022-03-11 13:59:25,178 | INFO | 26: Checking for H bond criteria !
2022-03-11 13:59:25,178 | ERROR | 37: Something Bad hapenned in broken helix analysis
2022-03-11 13:59:25,178 | INFO | 3: Performing dihedral angles analysis for 4ezc.pdb
2022-03-11 13:59:25,178 | INFO | 6: Dihedral angles generated sucessfully
2022-03-11 13:59:25,178 | INFO | 2: Generating Figures
2022-03-11 13:59:25,278 | INFO | 5: Saving Json File
2022-03-11 13:59:25,278 | INFO | 16: Success
2022-03-11 13:59:28,642 | INFO | 11: Performing Analysis  for 4ezc.pdb
2022-03-11 13:59:28,666 | INFO | 3: Running broken chain analysis for 4ezc.pdb
2022-03-11 13:59:28,671 | INFO | 3: Extracting alpha helices !
2022-03-11 13:59:28,716 | INFO | 15: Getting The main chain residues !
2022-03-11 13:59:28,717 | INFO | 26: Checking for H bond criteria !
2022-03-11 13:59:28,717 | ERROR | 37: Something Bad hapenned in broken helix analysis
2022-03-11 13:59:28,718 | INFO | 3: Performing dihedral angles analysis for 4ezc.pdb
2022-03-11 13:59:28,718 | INFO | 6: Dihedral angles generated sucessfully
2022-03-11 13:59:28,718 | INFO | 2: Generating Figures
2022-03-11 13:59:28,760 | INFO | 5: Saving Json File
2022-03-11 13:59:28,760 | INFO | 16: Success
2022-03-11 13:59:56,145 | INFO | 11: Performing Analysis  for 4ezc.pdb
2022-03-11 13:59:56,170 | INFO | 3: Running broken chain analysis for 4ezc.pdb
2022-03-11 13:59:56,175 | INFO | 3: Extracting alpha helices !
2022-03-11 13:59:56,232 | INFO | 15: Getting The main chain residues !
2022-03-11 13:59:56,233 | INFO | 26: Checking for H bond criteria !
2022-03-11 13:59:56,237 | ERROR | 37: Something Bad hapenned in broken helix analysis
2022-03-11 13:59:56,238 | INFO | 3: Performing dihedral angles analysis for 4ezc.pdb
2022-03-11 13:59:56,238 | INFO | 6: Dihedral angles generated sucessfully
2022-03-11 13:59:56,238 | INFO | 2: Generating Figures
2022-03-11 13:59:56,280 | INFO | 5: Saving Json File
2022-03-11 13:59:56,280 | INFO | 16: Success
2022-03-11 14:00:27,895 | INFO | 11: Performing Analysis  for 4ezc.pdb
2022-03-11 14:00:27,920 | INFO | 3: Running broken chain analysis for 4ezc.pdb
2022-03-11 14:00:27,925 | INFO | 3: Extracting alpha helices !
2022-03-11 14:00:27,970 | INFO | 15: Getting The main chain residues !
2022-03-11 14:00:27,971 | INFO | 26: Checking for H bond criteria !
2022-03-11 14:00:27,971 | ERROR | 37: Something Bad hapenned in broken helix analysis
2022-03-11 14:00:27,972 | INFO | 3: Performing dihedral angles analysis for 4ezc.pdb
2022-03-11 14:00:27,972 | INFO | 6: Dihedral angles generated sucessfully
2022-03-11 14:00:27,972 | INFO | 2: Generating Figures
2022-03-11 14:00:28,025 | INFO | 5: Saving Json File
2022-03-11 14:00:28,026 | INFO | 16: Success
2022-03-11 14:00:49,319 | INFO | 11: Performing Analysis  for 4ezc.pdb
2022-03-11 14:00:49,345 | INFO | 3: Running broken chain analysis for 4ezc.pdb
2022-03-11 14:00:49,350 | INFO | 3: Extracting alpha helices !
2022-03-11 14:00:49,397 | INFO | 15: Getting The main chain residues !
2022-03-11 14:00:49,398 | INFO | 26: Checking for H bond criteria !
2022-03-11 14:00:49,398 | ERROR | 37: Something Bad hapenned in broken helix analysis
2022-03-11 14:00:49,398 | INFO | 3: Performing dihedral angles analysis for 4ezc.pdb
2022-03-11 14:00:49,398 | INFO | 6: Dihedral angles generated sucessfully
2022-03-11 14:00:49,398 | INFO | 2: Generating Figures
2022-03-11 14:00:49,441 | INFO | 5: Saving Json File
2022-03-11 14:00:49,442 | INFO | 16: Success
2022-03-11 14:01:15,392 | INFO | 11: Performing Analysis  for 4ezc.pdb
2022-03-11 14:01:15,416 | INFO | 3: Running broken chain analysis for 4ezc.pdb
2022-03-11 14:01:15,421 | INFO | 3: Extracting alpha helices !
2022-03-11 14:01:15,468 | INFO | 15: Getting The main chain residues !
2022-03-11 14:01:15,469 | INFO | 26: Checking for H bond criteria !
2022-03-11 14:01:15,473 | ERROR | 38: Something Bad hapenned in broken helix analysis
2022-03-11 14:01:15,473 | INFO | 3: Performing dihedral angles analysis for 4ezc.pdb
2022-03-11 14:01:15,473 | INFO | 6: Dihedral angles generated sucessfully
2022-03-11 14:01:15,473 | INFO | 2: Generating Figures
2022-03-11 14:01:15,516 | INFO | 5: Saving Json File
2022-03-11 14:01:15,516 | INFO | 16: Success
2022-03-11 14:02:41,005 | INFO | 11: Performing Analysis  for 4ezc.pdb
2022-03-11 14:02:41,027 | INFO | 5: Running broken chain analysis for 4ezc.pdb
2022-03-11 14:02:41,032 | INFO | 3: Extracting alpha helices !
2022-03-11 14:02:41,078 | INFO | 17: Getting The main chain residues !
2022-03-11 14:02:41,079 | INFO | 28: Checking for H bond criteria !
2022-03-11 14:02:41,079 | INFO | 36: Broken Helix ran sucessfully
2022-03-11 14:02:41,084 | INFO | 3: Performing dihedral angles analysis for 4ezc.pdb
2022-03-11 14:02:41,084 | ERROR | 20: Something Bad hapenned in dihedral analysis
2022-03-11 14:03:57,175 | INFO | 11: Performing Analysis  for 4ezc.pdb
2022-03-11 14:03:57,198 | INFO | 5: Running broken chain analysis for 4ezc.pdb
2022-03-11 14:03:57,203 | INFO | 3: Extracting alpha helices !
2022-03-11 14:03:57,250 | INFO | 17: Getting The main chain residues !
2022-03-11 14:03:57,251 | INFO | 28: Checking for H bond criteria !
2022-03-11 14:03:57,251 | INFO | 36: Broken Helix ran sucessfully
2022-03-11 14:03:57,251 | INFO | 5: Saving Json File
2022-03-11 14:03:57,258 | INFO | 16: Success
2022-03-11 14:19:17,224 | INFO | 11: Performing Analysis  for 4ezc.pdb
2022-03-11 14:19:17,252 | INFO | 5: Running broken chain analysis for 4ezc.pdb
2022-03-11 14:19:17,257 | INFO | 3: Extracting alpha helices !
2022-03-11 14:19:17,303 | INFO | 17: Getting The main chain residues !
2022-03-11 14:19:17,304 | INFO | 28: Checking for H bond criteria !
2022-03-11 14:19:17,304 | INFO | 36: Broken Helix ran sucessfully
2022-03-11 14:19:17,304 | INFO | 5: Saving Json File
2022-03-11 14:19:17,311 | INFO | 16: Success
2022-03-11 14:20:55,029 | INFO | 11: Performing Analysis  for 4ezc.pdb
2022-03-11 14:20:55,054 | INFO | 5: Running broken chain analysis for 4ezc.pdb
2022-03-11 14:20:55,060 | INFO | 3: Extracting alpha helices !
2022-03-11 14:20:55,105 | INFO | 17: Getting The main chain residues !
2022-03-11 14:20:55,106 | INFO | 28: Checking for H bond criteria !
2022-03-11 14:20:55,106 | INFO | 36: Broken Helix ran sucessfully
2022-03-11 14:20:55,106 | INFO | 5: Saving Json File
2022-03-11 14:20:55,113 | INFO | 16: Success
2022-03-11 14:23:05,465 | INFO | 11: Performing Analysis  for 4ezc.pdb
2022-03-11 14:23:05,495 | INFO | 5: Running broken chain analysis for 4ezc.pdb
2022-03-11 14:23:05,500 | INFO | 3: Extracting alpha helices !
2022-03-11 14:23:05,501 | ERROR | 40: Something Bad hapenned in broken helix analysis
2022-03-11 14:23:05,501 | INFO | 5: Saving Json File
2022-03-11 14:23:05,501 | INFO | 16: Success
2022-03-11 14:23:17,443 | INFO | 11: Performing Analysis  for 4ezc.pdb
2022-03-11 14:23:17,468 | INFO | 5: Running broken chain analysis for 4ezc.pdb
2022-03-11 14:23:17,473 | INFO | 3: Extracting alpha helices !
2022-03-11 14:23:17,474 | ERROR | 40: Something Bad hapenned in broken helix analysis
2022-03-11 14:23:17,474 | INFO | 5: Saving Json File
2022-03-11 14:23:17,474 | INFO | 16: Success
2022-03-11 14:25:48,962 | INFO | 11: Performing Analysis  for 4ezc.pdb
2022-03-11 14:25:48,984 | INFO | 5: Running broken chain analysis for 4ezc.pdb
2022-03-11 14:25:48,989 | INFO | 3: Extracting alpha helices !
2022-03-11 14:25:48,989 | ERROR | 40: Something Bad hapenned in broken helix analysis
2022-03-11 14:25:48,990 | INFO | 5: Saving Json File
2022-03-11 14:25:48,990 | INFO | 16: Success
2022-03-11 14:36:48,242 | INFO | 11: Performing Analysis  for 4ezc.pdb
2022-03-11 14:36:48,270 | INFO | 5: Running broken chain analysis for 4ezc.pdb
2022-03-11 14:36:48,275 | INFO | 3: Extracting alpha helices !
2022-03-11 14:36:48,322 | INFO | 17: Getting The main chain residues !
2022-03-11 14:36:48,323 | INFO | 28: Checking for H bond criteria !
2022-03-11 14:36:48,323 | INFO | 36: Broken Helix ran sucessfully
2022-03-11 14:36:48,323 | INFO | 5: Saving Json File
2022-03-11 14:36:48,338 | INFO | 16: Success
2022-03-11 14:37:51,539 | INFO | 11: Performing Analysis  for 4ezc.pdb
2022-03-11 14:37:51,562 | INFO | 5: Running broken chain analysis for 4ezc.pdb
2022-03-11 14:37:51,567 | INFO | 3: Extracting alpha helices !
2022-03-11 14:37:51,625 | INFO | 17: Getting The main chain residues !
2022-03-11 14:37:51,626 | INFO | 28: Checking for H bond criteria !
2022-03-11 14:37:51,626 | INFO | 36: Broken Helix ran sucessfully
2022-03-11 14:37:51,627 | INFO | 5: Saving Json File
2022-03-11 14:37:51,633 | INFO | 16: Success
2022-03-11 14:38:03,157 | INFO | 11: Performing Analysis  for 4ezc.pdb
2022-03-11 14:38:03,182 | INFO | 5: Running broken chain analysis for 4ezc.pdb
2022-03-11 14:38:03,188 | INFO | 3: Extracting alpha helices !
2022-03-11 14:38:03,248 | INFO | 17: Getting The main chain residues !
2022-03-11 14:38:03,249 | INFO | 28: Checking for H bond criteria !
2022-03-11 14:38:03,249 | INFO | 36: Broken Helix ran sucessfully
2022-03-11 14:38:03,249 | INFO | 5: Saving Json File
2022-03-11 14:38:03,256 | INFO | 16: Success
2022-03-11 14:38:22,000 | INFO | 11: Performing Analysis  for 4ezc.pdb
2022-03-11 14:38:22,026 | INFO | 5: Running broken chain analysis for 4ezc.pdb
2022-03-11 14:38:22,032 | INFO | 3: Extracting alpha helices !
2022-03-11 14:38:22,091 | INFO | 17: Getting The main chain residues !
2022-03-11 14:38:22,092 | INFO | 28: Checking for H bond criteria !
2022-03-11 14:38:22,092 | INFO | 36: Broken Helix ran sucessfully
2022-03-11 14:38:22,092 | INFO | 5: Saving Json File
2022-03-11 14:38:22,099 | INFO | 16: Success
2022-03-11 14:40:49,193 | INFO | 11: Performing Analysis  for 4ezc.pdb
2022-03-11 14:40:49,217 | INFO | 5: Running broken chain analysis for 4ezc.pdb
2022-03-11 14:40:49,222 | INFO | 3: Extracting alpha helices !
2022-03-11 14:40:49,283 | INFO | 17: Getting The main chain residues !
2022-03-11 14:40:49,284 | INFO | 28: Checking for H bond criteria !
2022-03-11 14:40:49,284 | INFO | 36: Broken Helix ran sucessfully
2022-03-11 14:40:49,285 | INFO | 5: Saving Json File
2022-03-11 14:40:49,292 | INFO | 16: Success
2022-03-11 14:43:39,783 | INFO | 11: Performing Analysis  for 4ezc.pdb
2022-03-11 14:43:39,810 | INFO | 5: Running broken chain analysis for 4ezc.pdb
2022-03-11 14:43:39,815 | INFO | 3: Extracting alpha helices !
2022-03-11 14:43:39,876 | INFO | 17: Getting The main chain residues !
2022-03-11 14:43:39,877 | INFO | 28: Checking for H bond criteria !
2022-03-11 14:43:39,877 | INFO | 36: Broken Helix ran sucessfully
2022-03-11 14:43:39,877 | INFO | 5: Saving Json File
2022-03-11 14:43:39,884 | INFO | 16: Success
2022-03-11 14:47:17,602 | INFO | 11: Performing Analysis  for 4ezc.pdb
2022-03-11 14:47:17,627 | INFO | 5: Running broken chain analysis for 4ezc.pdb
2022-03-11 14:47:17,632 | INFO | 3: Extracting alpha helices !
2022-03-11 14:47:17,694 | INFO | 17: Getting The main chain residues !
2022-03-11 14:47:17,695 | INFO | 28: Checking for H bond criteria !
2022-03-11 14:47:17,695 | INFO | 36: Broken Helix ran sucessfully
2022-03-11 14:47:17,695 | INFO | 5: Saving Json File
2022-03-11 14:47:17,702 | INFO | 16: Success
2022-03-11 14:48:45,573 | INFO | 11: Performing Analysis  for 4ezc.pdb
2022-03-11 14:48:45,597 | INFO | 5: Running broken chain analysis for 4ezc.pdb
2022-03-11 14:48:45,602 | INFO | 3: Extracting alpha helices !
2022-03-11 14:48:45,664 | INFO | 17: Getting The main chain residues !
2022-03-11 14:48:45,665 | INFO | 28: Checking for H bond criteria !
2022-03-11 14:48:45,665 | INFO | 36: Broken Helix ran sucessfully
2022-03-11 14:48:45,665 | INFO | 3: Performing dihedral angles analysis for 4ezc.pdb
2022-03-11 14:48:45,674 | ERROR | 20: Something Bad hapenned in dihedral analysis
2022-03-11 14:49:42,119 | INFO | 11: Performing Analysis  for 4ezc.pdb
2022-03-11 14:49:42,141 | INFO | 5: Running broken chain analysis for 4ezc.pdb
2022-03-11 14:49:42,147 | INFO | 3: Extracting alpha helices !
2022-03-11 14:49:42,209 | INFO | 17: Getting The main chain residues !
2022-03-11 14:49:42,210 | INFO | 28: Checking for H bond criteria !
2022-03-11 14:49:42,211 | INFO | 36: Broken Helix ran sucessfully
2022-03-11 14:49:42,211 | INFO | 3: Performing dihedral angles analysis for 4ezc.pdb
2022-03-11 14:49:42,211 | ERROR | 20: Something Bad hapenned in dihedral analysis
2022-03-11 14:49:42,211 | INFO | 5: Saving Json File
2022-03-11 14:49:42,217 | INFO | 16: Success
2022-03-11 15:06:06,955 | INFO | 11: Performing Analysis  for 4ezc.pdb
2022-03-11 15:06:06,980 | INFO | 5: Running broken chain analysis for 4ezc.pdb
2022-03-11 15:06:06,985 | INFO | 3: Extracting alpha helices !
2022-03-11 15:06:07,047 | INFO | 17: Getting The main chain residues !
2022-03-11 15:06:07,048 | INFO | 28: Checking for H bond criteria !
2022-03-11 15:06:07,048 | INFO | 36: Broken Helix ran sucessfully
2022-03-11 15:06:07,049 | INFO | 3: Performing dihedral angles analysis for 4ezc.pdb
2022-03-11 15:06:07,049 | ERROR | 20: Something Bad hapenned in dihedral analysis
2022-03-11 15:06:07,049 | INFO | 5: Saving Json File
2022-03-11 15:06:07,056 | INFO | 16: Success
2022-03-11 15:06:17,114 | INFO | 11: Performing Analysis  for 4ezc.pdb
2022-03-11 15:06:17,138 | INFO | 5: Running broken chain analysis for 4ezc.pdb
2022-03-11 15:06:17,144 | INFO | 3: Extracting alpha helices !
2022-03-11 15:06:17,206 | INFO | 17: Getting The main chain residues !
2022-03-11 15:06:17,207 | INFO | 28: Checking for H bond criteria !
2022-03-11 15:06:17,212 | INFO | 36: Broken Helix ran sucessfully
2022-03-11 15:06:17,213 | INFO | 3: Performing dihedral angles analysis for 4ezc.pdb
2022-03-11 15:06:17,213 | ERROR | 20: Something Bad hapenned in dihedral analysis
2022-03-11 15:06:17,213 | INFO | 5: Saving Json File
2022-03-11 15:06:17,221 | INFO | 16: Success
2022-03-11 15:07:36,299 | INFO | 11: Performing Analysis  for 4ezc.pdb
2022-03-11 15:07:36,322 | INFO | 5: Running broken chain analysis for 4ezc.pdb
2022-03-11 15:07:36,327 | INFO | 3: Extracting alpha helices !
2022-03-11 15:07:36,389 | INFO | 17: Getting The main chain residues !
2022-03-11 15:07:36,390 | INFO | 28: Checking for H bond criteria !
2022-03-11 15:07:36,597 | INFO | 36: Broken Helix ran sucessfully
2022-03-11 15:07:36,597 | INFO | 3: Performing dihedral angles analysis for 4ezc.pdb
2022-03-11 15:07:36,597 | ERROR | 20: Something Bad hapenned in dihedral analysis
2022-03-11 15:07:36,597 | INFO | 5: Saving Json File
2022-03-11 15:07:36,606 | INFO | 16: Success
2022-03-11 15:08:34,129 | INFO | 11: Performing Analysis  for 4ezc.pdb
2022-03-11 15:08:34,151 | INFO | 5: Running broken chain analysis for 4ezc.pdb
2022-03-11 15:08:34,156 | INFO | 3: Extracting alpha helices !
2022-03-11 15:08:34,219 | INFO | 17: Getting The main chain residues !
2022-03-11 15:08:34,220 | INFO | 28: Checking for H bond criteria !
2022-03-11 15:08:38,844 | INFO | 36: Broken Helix ran sucessfully
2022-03-11 15:08:38,845 | INFO | 3: Performing dihedral angles analysis for 4ezc.pdb
2022-03-11 15:08:38,846 | ERROR | 20: Something Bad hapenned in dihedral analysis
2022-03-11 15:08:38,846 | INFO | 5: Saving Json File
2022-03-11 15:08:38,856 | INFO | 16: Success
2022-03-11 15:10:34,900 | INFO | 11: Performing Analysis  for 4ezc.pdb
2022-03-11 15:10:34,925 | INFO | 5: Running broken chain analysis for 4ezc.pdb
2022-03-11 15:10:34,930 | INFO | 3: Extracting alpha helices !
2022-03-11 15:10:34,995 | INFO | 17: Getting The main chain residues !
2022-03-11 15:10:34,996 | INFO | 28: Checking for H bond criteria !
2022-03-11 15:10:35,686 | INFO | 36: Broken Helix ran sucessfully
2022-03-11 15:10:35,686 | INFO | 3: Performing dihedral angles analysis for 4ezc.pdb
2022-03-11 15:10:35,686 | ERROR | 20: Something Bad hapenned in dihedral analysis
2022-03-11 15:10:35,686 | INFO | 5: Saving Json File
2022-03-11 15:10:35,717 | INFO | 16: Success
2022-03-11 15:13:06,434 | INFO | 11: Performing Analysis  for 4ezc.pdb
2022-03-11 15:13:06,456 | INFO | 5: Running broken chain analysis for 4ezc.pdb
2022-03-11 15:13:06,460 | INFO | 3: Extracting alpha helices !
2022-03-11 15:13:06,523 | INFO | 17: Getting The main chain residues !
2022-03-11 15:13:06,524 | INFO | 28: Checking for H bond criteria !
2022-03-11 15:13:06,550 | INFO | 36: Broken Helix ran sucessfully
2022-03-11 15:13:06,551 | INFO | 3: Performing dihedral angles analysis for 4ezc.pdb
2022-03-11 15:13:06,551 | ERROR | 20: Something Bad hapenned in dihedral analysis
2022-03-11 15:13:06,551 | INFO | 5: Saving Json File
2022-03-11 15:13:06,581 | INFO | 16: Success
2022-03-11 15:23:06,338 | INFO | 11: Performing Analysis  for 4ezc.pdb
2022-03-11 15:23:06,371 | INFO | 5: Running broken chain analysis for 4ezc.pdb
2022-03-11 15:23:06,376 | INFO | 3: Extracting alpha helices !
2022-03-11 15:23:06,444 | INFO | 17: Getting The main chain residues !
2022-03-11 15:23:06,445 | INFO | 28: Checking for H bond criteria !
2022-03-11 15:23:06,492 | INFO | 36: Broken Helix ran sucessfully
2022-03-11 15:23:06,493 | INFO | 3: Performing dihedral angles analysis for 4ezc.pdb
2022-03-11 15:23:06,496 | ERROR | 20: Something Bad hapenned in dihedral analysis
2022-03-11 15:23:06,496 | INFO | 5: Saving Json File
2022-03-11 15:23:06,527 | INFO | 16: Success
2022-03-11 15:23:55,166 | INFO | 11: Performing Analysis  for 4ezc.pdb
2022-03-11 15:23:55,201 | INFO | 5: Running broken chain analysis for 4ezc.pdb
2022-03-11 15:23:55,207 | INFO | 3: Extracting alpha helices !
2022-03-11 15:23:55,276 | INFO | 17: Getting The main chain residues !
2022-03-11 15:23:55,277 | INFO | 28: Checking for H bond criteria !
2022-03-11 15:23:55,403 | INFO | 36: Broken Helix ran sucessfully
2022-03-11 15:23:55,404 | INFO | 3: Performing dihedral angles analysis for 4ezc.pdb
2022-03-11 15:23:55,404 | ERROR | 20: Something Bad hapenned in dihedral analysis
2022-03-11 15:23:55,404 | INFO | 5: Saving Json File
2022-03-11 15:23:55,436 | INFO | 16: Success
2022-03-11 15:24:06,782 | INFO | 11: Performing Analysis  for 4ezc.pdb
2022-03-11 15:24:06,811 | INFO | 5: Running broken chain analysis for 4ezc.pdb
2022-03-11 15:24:06,816 | INFO | 3: Extracting alpha helices !
2022-03-11 15:24:06,888 | INFO | 17: Getting The main chain residues !
2022-03-11 15:24:06,889 | INFO | 28: Checking for H bond criteria !
2022-03-11 15:24:07,060 | INFO | 36: Broken Helix ran sucessfully
2022-03-11 15:24:07,060 | INFO | 3: Performing dihedral angles analysis for 4ezc.pdb
2022-03-11 15:24:07,060 | ERROR | 20: Something Bad hapenned in dihedral analysis
2022-03-11 15:24:07,060 | INFO | 5: Saving Json File
2022-03-11 15:24:07,090 | INFO | 16: Success
2022-03-11 15:26:52,764 | INFO | 21: Everything is normal. Relax!
2022-03-11 15:26:52,765 | WARNING | 22: Something unexpected but not important happend.
2022-03-11 15:26:52,766 | ERROR | 23: Something unexpected and important happened.
2022-03-11 15:26:52,766 | CRITICAL | 24: OMG!!! A critical error happend and the code cannot run!
2022-03-11 15:26:54,493 | INFO | 11: Performing Analysis  for 4ezc.pdb
2022-03-11 15:26:54,515 | INFO | 5: Running broken chain analysis for 4ezc.pdb
2022-03-11 15:26:54,520 | ERROR | 40: Something Bad hapenned in broken helix analysis
2022-03-11 15:26:54,520 | INFO | 3: Performing dihedral angles analysis for 4ezc.pdb
2022-03-11 15:26:54,520 | INFO | 6: Dihedral angles generated sucessfully
2022-03-11 15:26:54,520 | INFO | 2: Generating Figures
2022-03-11 15:26:54,595 | INFO | 5: Saving Json File
2022-03-11 15:26:54,595 | INFO | 16: Success
2022-03-11 15:26:54,595 | INFO | 5: Saving Json File
2022-03-11 15:26:54,595 | INFO | 16: Success
2022-03-11 15:27:57,584 | INFO | 11: Performing Analysis  for 4ezc.pdb
2022-03-11 15:27:57,610 | INFO | 5: Running broken chain analysis for 4ezc.pdb
2022-03-11 15:27:57,615 | ERROR | 40: Something Bad hapenned in broken helix analysis
2022-03-11 15:27:57,615 | INFO | 3: Performing dihedral angles analysis for 4ezc.pdb
2022-03-11 15:27:57,615 | INFO | 6: Dihedral angles generated sucessfully
2022-03-11 15:27:57,615 | INFO | 2: Generating Figures
2022-03-11 15:27:57,660 | INFO | 5: Saving Json File
2022-03-11 15:27:57,660 | INFO | 16: Success
2022-03-11 15:27:57,660 | INFO | 5: Saving Json File
2022-03-11 15:27:57,660 | INFO | 16: Success
2022-03-11 15:28:29,199 | INFO | 11: Performing Analysis  for 4ezc.pdb
2022-03-11 15:28:29,226 | INFO | 5: Running broken chain analysis for 4ezc.pdb
2022-03-11 15:28:29,232 | ERROR | 40: Something Bad hapenned in broken helix analysis
2022-03-11 15:28:29,232 | INFO | 3: Performing dihedral angles analysis for 4ezc.pdb
2022-03-11 15:28:29,232 | INFO | 6: Dihedral angles generated sucessfully
2022-03-11 15:28:29,232 | INFO | 2: Generating Figures
2022-03-11 15:28:29,278 | INFO | 5: Saving Json File
2022-03-11 15:28:29,279 | INFO | 16: Success
2022-03-11 15:28:29,279 | INFO | 5: Saving Json File
2022-03-11 15:28:29,279 | INFO | 16: Success
2022-03-11 15:33:19,594 | INFO | 11: Performing Analysis  for 4ezc.pdb
2022-03-11 15:33:19,619 | INFO | 5: Running broken chain analysis for 4ezc.pdb
2022-03-11 15:33:19,624 | INFO | 3: Extracting alpha helices !
2022-03-11 15:33:19,670 | INFO | 17: Getting The main chain residues !
2022-03-11 15:33:19,671 | INFO | 28: Checking for H bond criteria !
2022-03-11 15:33:19,671 | ERROR | 40: Something Bad hapenned in broken helix analysis
2022-03-11 15:33:19,671 | INFO | 5: Saving Json File
2022-03-11 15:33:19,671 | INFO | 16: Success
2022-03-11 15:33:32,807 | INFO | 11: Performing Analysis  for 4ezc.pdb
2022-03-11 15:33:32,830 | INFO | 5: Running broken chain analysis for 4ezc.pdb
2022-03-11 15:33:32,836 | INFO | 3: Extracting alpha helices !
2022-03-11 15:33:32,883 | INFO | 17: Getting The main chain residues !
2022-03-11 15:33:32,885 | INFO | 28: Checking for H bond criteria !
2022-03-11 15:33:32,885 | INFO | 36: Broken Helix ran sucessfully
2022-03-11 15:33:32,885 | INFO | 5: Saving Json File
2022-03-11 15:33:32,891 | INFO | 16: Success
